{"/Users/jonathonzimdars/Documents/Hack/fec/server/api.js": {"path":"/Users/jonathonzimdars/Documents/Hack/fec/server/api.js","statementMap":{"0":{"start":{"line":4,"column":12},"end":{"line":4,"column":66}},"1":{"start":{"line":6,"column":10},"end":{"line":6,"column":12}},"2":{"start":{"line":7,"column":0},"end":{"line":10,"column":2}},"3":{"start":{"line":8,"column":2},"end":{"line":9,"column":27}},"4":{"start":{"line":9,"column":17},"end":{"line":9,"column":25}},"5":{"start":{"line":12,"column":0},"end":{"line":15,"column":2}},"6":{"start":{"line":13,"column":2},"end":{"line":14,"column":27}},"7":{"start":{"line":14,"column":17},"end":{"line":14,"column":25}},"8":{"start":{"line":17,"column":0},"end":{"line":27,"column":1}},"9":{"start":{"line":19,"column":2},"end":{"line":26,"column":4}},"10":{"start":{"line":29,"column":0},"end":{"line":32,"column":2}},"11":{"start":{"line":30,"column":2},"end":{"line":31,"column":27}},"12":{"start":{"line":31,"column":17},"end":{"line":31,"column":25}},"13":{"start":{"line":34,"column":0},"end":{"line":37,"column":1}},"14":{"start":{"line":35,"column":2},"end":{"line":36,"column":26}},"15":{"start":{"line":36,"column":17},"end":{"line":36,"column":25}},"16":{"start":{"line":39,"column":0},"end":{"line":42,"column":1}},"17":{"start":{"line":40,"column":2},"end":{"line":41,"column":27}},"18":{"start":{"line":41,"column":17},"end":{"line":41,"column":25}},"19":{"start":{"line":44,"column":0},"end":{"line":59,"column":1}},"20":{"start":{"line":45,"column":2},"end":{"line":58,"column":7}},"21":{"start":{"line":54,"column":6},"end":{"line":54,"column":22}},"22":{"start":{"line":57,"column":6},"end":{"line":57,"column":28}},"23":{"start":{"line":61,"column":0},"end":{"line":83,"column":1}},"24":{"start":{"line":62,"column":13},"end":{"line":62,"column":24}},"25":{"start":{"line":63,"column":15},"end":{"line":63,"column":23}},"26":{"start":{"line":64,"column":16},"end":{"line":64,"column":18}},"27":{"start":{"line":66,"column":2},"end":{"line":68,"column":3}},"28":{"start":{"line":67,"column":4},"end":{"line":67,"column":52}},"29":{"start":{"line":70,"column":17},"end":{"line":70,"column":45}},"30":{"start":{"line":72,"column":2},"end":{"line":74,"column":3}},"31":{"start":{"line":73,"column":4},"end":{"line":73,"column":40}},"32":{"start":{"line":76,"column":15},"end":{"line":80,"column":3}},"33":{"start":{"line":82,"column":2},"end":{"line":82,"column":86}}},"fnMap":{"0":{"name":"(anonymous_0)","decl":{"start":{"line":7,"column":17},"end":{"line":7,"column":18}},"loc":{"start":{"line":7,"column":32},"end":{"line":10,"column":1}},"line":7},"1":{"name":"(anonymous_1)","decl":{"start":{"line":9,"column":10},"end":{"line":9,"column":11}},"loc":{"start":{"line":9,"column":17},"end":{"line":9,"column":25}},"line":9},"2":{"name":"(anonymous_2)","decl":{"start":{"line":12,"column":16},"end":{"line":12,"column":17}},"loc":{"start":{"line":12,"column":31},"end":{"line":15,"column":1}},"line":12},"3":{"name":"(anonymous_3)","decl":{"start":{"line":14,"column":10},"end":{"line":14,"column":11}},"loc":{"start":{"line":14,"column":17},"end":{"line":14,"column":25}},"line":14},"4":{"name":"(anonymous_4)","decl":{"start":{"line":17,"column":19},"end":{"line":17,"column":20}},"loc":{"start":{"line":17,"column":48},"end":{"line":27,"column":1}},"line":17},"5":{"name":"(anonymous_5)","decl":{"start":{"line":29,"column":21},"end":{"line":29,"column":22}},"loc":{"start":{"line":29,"column":36},"end":{"line":32,"column":1}},"line":29},"6":{"name":"(anonymous_6)","decl":{"start":{"line":31,"column":10},"end":{"line":31,"column":11}},"loc":{"start":{"line":31,"column":17},"end":{"line":31,"column":25}},"line":31},"7":{"name":"(anonymous_7)","decl":{"start":{"line":34,"column":17},"end":{"line":34,"column":18}},"loc":{"start":{"line":34,"column":32},"end":{"line":37,"column":1}},"line":34},"8":{"name":"(anonymous_8)","decl":{"start":{"line":36,"column":10},"end":{"line":36,"column":11}},"loc":{"start":{"line":36,"column":17},"end":{"line":36,"column":25}},"line":36},"9":{"name":"(anonymous_9)","decl":{"start":{"line":39,"column":16},"end":{"line":39,"column":17}},"loc":{"start":{"line":39,"column":34},"end":{"line":42,"column":1}},"line":39},"10":{"name":"(anonymous_10)","decl":{"start":{"line":41,"column":10},"end":{"line":41,"column":11}},"loc":{"start":{"line":41,"column":17},"end":{"line":41,"column":25}},"line":41},"11":{"name":"(anonymous_11)","decl":{"start":{"line":44,"column":17},"end":{"line":44,"column":18}},"loc":{"start":{"line":44,"column":56},"end":{"line":59,"column":1}},"line":44},"12":{"name":"(anonymous_12)","decl":{"start":{"line":53,"column":10},"end":{"line":53,"column":11}},"loc":{"start":{"line":53,"column":17},"end":{"line":55,"column":5}},"line":53},"13":{"name":"(anonymous_13)","decl":{"start":{"line":56,"column":11},"end":{"line":56,"column":12}},"loc":{"start":{"line":56,"column":18},"end":{"line":58,"column":5}},"line":56},"14":{"name":"(anonymous_14)","decl":{"start":{"line":61,"column":22},"end":{"line":61,"column":23}},"loc":{"start":{"line":61,"column":37},"end":{"line":83,"column":1}},"line":61}},"branchMap":{"0":{"loc":{"start":{"line":66,"column":2},"end":{"line":68,"column":3}},"type":"if","locations":[{"start":{"line":66,"column":2},"end":{"line":68,"column":3}},{"start":{},"end":{}}],"line":66},"1":{"loc":{"start":{"line":72,"column":2},"end":{"line":74,"column":3}},"type":"if","locations":[{"start":{"line":72,"column":2},"end":{"line":74,"column":3}},{"start":{},"end":{}}],"line":72}},"s":{"0":5,"1":5,"2":5,"3":1,"4":1,"5":5,"6":1,"7":1,"8":5,"9":1,"10":5,"11":1,"12":1,"13":5,"14":0,"15":0,"16":5,"17":1,"18":1,"19":5,"20":1,"21":0,"22":0,"23":5,"24":34,"25":34,"26":34,"27":34,"28":13,"29":34,"30":34,"31":13,"32":34,"33":34},"f":{"0":1,"1":1,"2":1,"3":1,"4":1,"5":1,"6":1,"7":0,"8":0,"9":1,"10":1,"11":1,"12":0,"13":0,"14":34},"b":{"0":[13,21],"1":[13,21]},"_coverageSchema":"1a1c01bbd47fc00a2c39e90264f33305004495a9","hash":"749fc2ead48b44f21aaaec15e6330ecfe760281f"}
,"/Users/jonathonzimdars/Documents/Hack/fec/server/config.js": {"path":"/Users/jonathonzimdars/Documents/Hack/fec/server/config.js","statementMap":{"0":{"start":{"line":1,"column":16},"end":{"line":1,"column":58}}},"fnMap":{},"branchMap":{},"s":{"0":5},"f":{},"b":{},"_coverageSchema":"1a1c01bbd47fc00a2c39e90264f33305004495a9","hash":"da13ad3eb34fb81c241cafd848a2ebc020cf17fa"}
,"/Users/jonathonzimdars/Documents/Hack/fec/src/components/overview/Cart.jsx": {"path":"/Users/jonathonzimdars/Documents/Hack/fec/src/components/overview/Cart.jsx","statementMap":{"0":{"start":{"line":5,"column":30},"end":{"line":5,"column":35}},"1":{"start":{"line":8,"column":13},"end":{"line":93,"column":1}},"2":{"start":{"line":9,"column":29},"end":{"line":9,"column":41}},"3":{"start":{"line":10,"column":26},"end":{"line":10,"column":38}},"4":{"start":{"line":11,"column":47},"end":{"line":11,"column":59}},"5":{"start":{"line":12,"column":31},"end":{"line":12,"column":43}},"6":{"start":{"line":13,"column":37},"end":{"line":13,"column":48}},"7":{"start":{"line":15,"column":2},"end":{"line":33,"column":13}},"8":{"start":{"line":16,"column":18},"end":{"line":16,"column":20}},"9":{"start":{"line":17,"column":4},"end":{"line":27,"column":5}},"10":{"start":{"line":18,"column":6},"end":{"line":26,"column":8}},"11":{"start":{"line":19,"column":8},"end":{"line":25,"column":9}},"12":{"start":{"line":20,"column":27},"end":{"line":20,"column":29}},"13":{"start":{"line":21,"column":10},"end":{"line":21,"column":32}},"14":{"start":{"line":22,"column":10},"end":{"line":22,"column":51}},"15":{"start":{"line":23,"column":10},"end":{"line":23,"column":59}},"16":{"start":{"line":24,"column":10},"end":{"line":24,"column":35}},"17":{"start":{"line":28,"column":4},"end":{"line":28,"column":24}},"18":{"start":{"line":29,"column":4},"end":{"line":29,"column":18}},"19":{"start":{"line":30,"column":4},"end":{"line":30,"column":28}},"20":{"start":{"line":31,"column":4},"end":{"line":31,"column":22}},"21":{"start":{"line":32,"column":4},"end":{"line":32,"column":20}},"22":{"start":{"line":35,"column":20},"end":{"line":49,"column":3}},"23":{"start":{"line":36,"column":4},"end":{"line":36,"column":40}},"24":{"start":{"line":37,"column":4},"end":{"line":37,"column":26}},"25":{"start":{"line":38,"column":18},"end":{"line":38,"column":20}},"26":{"start":{"line":39,"column":4},"end":{"line":47,"column":5}},"27":{"start":{"line":40,"column":6},"end":{"line":42,"column":7}},"28":{"start":{"line":40,"column":19},"end":{"line":40,"column":20}},"29":{"start":{"line":41,"column":8},"end":{"line":41,"column":24}},"30":{"start":{"line":44,"column":6},"end":{"line":46,"column":7}},"31":{"start":{"line":44,"column":19},"end":{"line":44,"column":20}},"32":{"start":{"line":45,"column":8},"end":{"line":45,"column":24}},"33":{"start":{"line":48,"column":4},"end":{"line":48,"column":33}},"34":{"start":{"line":51,"column":19},"end":{"line":59,"column":3}},"35":{"start":{"line":52,"column":4},"end":{"line":58,"column":5}},"36":{"start":{"line":53,"column":6},"end":{"line":53,"column":40}},"37":{"start":{"line":55,"column":6},"end":{"line":55,"column":20}},"38":{"start":{"line":56,"column":6},"end":{"line":56,"column":30}},"39":{"start":{"line":57,"column":6},"end":{"line":57,"column":38}},"40":{"start":{"line":61,"column":2},"end":{"line":92,"column":3}},"41":{"start":{"line":66,"column":8},"end":{"line":66,"column":24}},"42":{"start":{"line":67,"column":8},"end":{"line":67,"column":34}},"43":{"start":{"line":71,"column":10},"end":{"line":71,"column":106}},"44":{"start":{"line":77,"column":8},"end":{"line":77,"column":47}},"45":{"start":{"line":80,"column":10},"end":{"line":80,"column":94}},"46":{"start":{"line":87,"column":8},"end":{"line":87,"column":27}},"47":{"start":{"line":88,"column":8},"end":{"line":88,"column":19}}},"fnMap":{"0":{"name":"(anonymous_0)","decl":{"start":{"line":8,"column":13},"end":{"line":8,"column":14}},"loc":{"start":{"line":8,"column":26},"end":{"line":93,"column":1}},"line":8},"1":{"name":"(anonymous_1)","decl":{"start":{"line":15,"column":12},"end":{"line":15,"column":13}},"loc":{"start":{"line":15,"column":18},"end":{"line":33,"column":3}},"line":15},"2":{"name":"(anonymous_2)","decl":{"start":{"line":18,"column":38},"end":{"line":18,"column":39}},"loc":{"start":{"line":18,"column":47},"end":{"line":26,"column":7}},"line":18},"3":{"name":"(anonymous_3)","decl":{"start":{"line":35,"column":20},"end":{"line":35,"column":21}},"loc":{"start":{"line":35,"column":36},"end":{"line":49,"column":3}},"line":35},"4":{"name":"(anonymous_4)","decl":{"start":{"line":51,"column":19},"end":{"line":51,"column":20}},"loc":{"start":{"line":51,"column":25},"end":{"line":59,"column":3}},"line":51},"5":{"name":"(anonymous_5)","decl":{"start":{"line":65,"column":190},"end":{"line":65,"column":191}},"loc":{"start":{"line":65,"column":195},"end":{"line":68,"column":7}},"line":65},"6":{"name":"(anonymous_6)","decl":{"start":{"line":70,"column":17},"end":{"line":70,"column":18}},"loc":{"start":{"line":70,"column":29},"end":{"line":72,"column":8}},"line":70},"7":{"name":"(anonymous_7)","decl":{"start":{"line":76,"column":167},"end":{"line":76,"column":168}},"loc":{"start":{"line":76,"column":172},"end":{"line":78,"column":7}},"line":76},"8":{"name":"(anonymous_8)","decl":{"start":{"line":79,"column":27},"end":{"line":79,"column":28}},"loc":{"start":{"line":79,"column":36},"end":{"line":81,"column":9}},"line":79},"9":{"name":"(anonymous_9)","decl":{"start":{"line":86,"column":115},"end":{"line":86,"column":116}},"loc":{"start":{"line":86,"column":120},"end":{"line":89,"column":7}},"line":86}},"branchMap":{"0":{"loc":{"start":{"line":17,"column":4},"end":{"line":27,"column":5}},"type":"if","locations":[{"start":{"line":17,"column":4},"end":{"line":27,"column":5}},{"start":{},"end":{}}],"line":17},"1":{"loc":{"start":{"line":17,"column":8},"end":{"line":17,"column":51}},"type":"binary-expr","locations":[{"start":{"line":17,"column":8},"end":{"line":17,"column":13}},{"start":{"line":17,"column":17},"end":{"line":17,"column":51}}],"line":17},"2":{"loc":{"start":{"line":19,"column":8},"end":{"line":25,"column":9}},"type":"if","locations":[{"start":{"line":19,"column":8},"end":{"line":25,"column":9}},{"start":{},"end":{}}],"line":19},"3":{"loc":{"start":{"line":39,"column":4},"end":{"line":47,"column":5}},"type":"if","locations":[{"start":{"line":39,"column":4},"end":{"line":47,"column":5}},{"start":{"line":43,"column":11},"end":{"line":47,"column":5}}],"line":39},"4":{"loc":{"start":{"line":52,"column":4},"end":{"line":58,"column":5}},"type":"if","locations":[{"start":{"line":52,"column":4},"end":{"line":58,"column":5}},{"start":{"line":54,"column":11},"end":{"line":58,"column":5}}],"line":52},"5":{"loc":{"start":{"line":64,"column":7},"end":{"line":73,"column":15}},"type":"cond-expr","locations":[{"start":{"line":64,"column":27},"end":{"line":64,"column":187}},{"start":{"line":65,"column":6},"end":{"line":73,"column":15}}],"line":64},"6":{"loc":{"start":{"line":75,"column":7},"end":{"line":82,"column":15}},"type":"cond-expr","locations":[{"start":{"line":75,"column":36},"end":{"line":75,"column":233}},{"start":{"line":76,"column":6},"end":{"line":82,"column":15}}],"line":75}},"s":{"0":1,"1":1,"2":101,"3":101,"4":101,"5":101,"6":101,"7":101,"8":49,"9":49,"10":49,"11":294,"12":294,"13":294,"14":294,"15":294,"16":294,"17":49,"18":49,"19":49,"20":49,"21":49,"22":101,"23":0,"24":0,"25":0,"26":0,"27":0,"28":0,"29":0,"30":0,"31":0,"32":0,"33":0,"34":101,"35":1,"36":1,"37":0,"38":0,"39":0,"40":101,"41":0,"42":0,"43":336,"44":0,"45":0,"46":1,"47":1},"f":{"0":101,"1":49,"2":294,"3":0,"4":1,"5":0,"6":336,"7":0,"8":0,"9":1},"b":{"0":[49,0],"1":[49,49],"2":[294,0],"3":[0,0],"4":[1,0],"5":[45,56],"6":[101,0]},"_coverageSchema":"1a1c01bbd47fc00a2c39e90264f33305004495a9","hash":"823957d70fc16888275678fbb3e604bf353cbec5"}
,"/Users/jonathonzimdars/Documents/Hack/fec/src/components/overview/Details.jsx": {"path":"/Users/jonathonzimdars/Documents/Hack/fec/src/components/overview/Details.jsx","statementMap":{"0":{"start":{"line":3,"column":32},"end":{"line":3,"column":37}},"1":{"start":{"line":5,"column":16},"end":{"line":30,"column":1}},"2":{"start":{"line":6,"column":37},"end":{"line":6,"column":49}},"3":{"start":{"line":8,"column":2},"end":{"line":10,"column":15}},"4":{"start":{"line":9,"column":4},"end":{"line":9,"column":37}},"5":{"start":{"line":12,"column":2},"end":{"line":29,"column":3}},"6":{"start":{"line":20,"column":10},"end":{"line":25,"column":11}}},"fnMap":{"0":{"name":"(anonymous_0)","decl":{"start":{"line":5,"column":16},"end":{"line":5,"column":17}},"loc":{"start":{"line":5,"column":33},"end":{"line":30,"column":1}},"line":5},"1":{"name":"(anonymous_1)","decl":{"start":{"line":8,"column":12},"end":{"line":8,"column":13}},"loc":{"start":{"line":8,"column":18},"end":{"line":10,"column":3}},"line":8},"2":{"name":"(anonymous_2)","decl":{"start":{"line":19,"column":34},"end":{"line":19,"column":35}},"loc":{"start":{"line":19,"column":50},"end":{"line":26,"column":9}},"line":19}},"branchMap":{"0":{"loc":{"start":{"line":14,"column":22},"end":{"line":14,"column":164}},"type":"cond-expr","locations":[{"start":{"line":14,"column":62},"end":{"line":14,"column":153}},{"start":{"line":14,"column":156},"end":{"line":14,"column":164}}],"line":14},"1":{"loc":{"start":{"line":14,"column":22},"end":{"line":14,"column":59}},"type":"binary-expr","locations":[{"start":{"line":14,"column":22},"end":{"line":14,"column":36}},{"start":{"line":14,"column":40},"end":{"line":14,"column":59}}],"line":14},"2":{"loc":{"start":{"line":19,"column":9},"end":{"line":26,"column":10}},"type":"binary-expr","locations":[{"start":{"line":19,"column":9},"end":{"line":19,"column":17}},{"start":{"line":19,"column":21},"end":{"line":26,"column":10}}],"line":19}},"s":{"0":1,"1":1,"2":98,"3":98,"4":44,"5":98,"6":0},"f":{"0":98,"1":44,"2":0},"b":{"0":[98,0],"1":[98,0],"2":[98,44]},"_coverageSchema":"1a1c01bbd47fc00a2c39e90264f33305004495a9","hash":"4325ee1562531bac25a6543abec63bcc6a06cf11"}
,"/Users/jonathonzimdars/Documents/Hack/fec/src/components/overview/Expanded.jsx": {"path":"/Users/jonathonzimdars/Documents/Hack/fec/src/components/overview/Expanded.jsx","statementMap":{"0":{"start":{"line":8,"column":32},"end":{"line":8,"column":37}},"1":{"start":{"line":10,"column":17},"end":{"line":61,"column":1}},"2":{"start":{"line":11,"column":33},"end":{"line":11,"column":48}},"3":{"start":{"line":12,"column":39},"end":{"line":12,"column":51}},"4":{"start":{"line":15,"column":2},"end":{"line":17,"column":19}},"5":{"start":{"line":16,"column":4},"end":{"line":16,"column":77}},"6":{"start":{"line":19,"column":15},"end":{"line":24,"column":3}},"7":{"start":{"line":20,"column":4},"end":{"line":23,"column":5}},"8":{"start":{"line":21,"column":6},"end":{"line":21,"column":83}},"9":{"start":{"line":22,"column":6},"end":{"line":22,"column":39}},"10":{"start":{"line":26,"column":19},"end":{"line":31,"column":3}},"11":{"start":{"line":27,"column":4},"end":{"line":30,"column":5}},"12":{"start":{"line":28,"column":6},"end":{"line":28,"column":83}},"13":{"start":{"line":29,"column":6},"end":{"line":29,"column":39}},"14":{"start":{"line":33,"column":2},"end":{"line":60,"column":3}},"15":{"start":{"line":37,"column":8},"end":{"line":37,"column":27}},"16":{"start":{"line":38,"column":8},"end":{"line":38,"column":27}},"17":{"start":{"line":40,"column":140},"end":{"line":40,"column":159}},"18":{"start":{"line":50,"column":12},"end":{"line":52,"column":13}},"19":{"start":{"line":51,"column":14},"end":{"line":51,"column":184}},"20":{"start":{"line":53,"column":12},"end":{"line":55,"column":19}},"21":{"start":{"line":54,"column":14},"end":{"line":54,"column":34}}},"fnMap":{"0":{"name":"(anonymous_0)","decl":{"start":{"line":10,"column":17},"end":{"line":10,"column":18}},"loc":{"start":{"line":10,"column":104},"end":{"line":61,"column":1}},"line":10},"1":{"name":"(anonymous_1)","decl":{"start":{"line":15,"column":12},"end":{"line":15,"column":13}},"loc":{"start":{"line":15,"column":18},"end":{"line":17,"column":3}},"line":15},"2":{"name":"(anonymous_2)","decl":{"start":{"line":19,"column":15},"end":{"line":19,"column":16}},"loc":{"start":{"line":19,"column":21},"end":{"line":24,"column":3}},"line":19},"3":{"name":"(anonymous_3)","decl":{"start":{"line":26,"column":19},"end":{"line":26,"column":20}},"loc":{"start":{"line":26,"column":25},"end":{"line":31,"column":3}},"line":26},"4":{"name":"(anonymous_4)","decl":{"start":{"line":36,"column":175},"end":{"line":36,"column":176}},"loc":{"start":{"line":36,"column":180},"end":{"line":39,"column":7}},"line":36},"5":{"name":"(anonymous_5)","decl":{"start":{"line":40,"column":133},"end":{"line":40,"column":134}},"loc":{"start":{"line":40,"column":138},"end":{"line":40,"column":161}},"line":40},"6":{"name":"(anonymous_6)","decl":{"start":{"line":49,"column":25},"end":{"line":49,"column":26}},"loc":{"start":{"line":49,"column":39},"end":{"line":56,"column":11}},"line":49},"7":{"name":"(anonymous_7)","decl":{"start":{"line":53,"column":149},"end":{"line":53,"column":150}},"loc":{"start":{"line":53,"column":154},"end":{"line":55,"column":13}},"line":53}},"branchMap":{"0":{"loc":{"start":{"line":20,"column":4},"end":{"line":23,"column":5}},"type":"if","locations":[{"start":{"line":20,"column":4},"end":{"line":23,"column":5}},{"start":{},"end":{}}],"line":20},"1":{"loc":{"start":{"line":27,"column":4},"end":{"line":30,"column":5}},"type":"if","locations":[{"start":{"line":27,"column":4},"end":{"line":30,"column":5}},{"start":{},"end":{}}],"line":27},"2":{"loc":{"start":{"line":42,"column":9},"end":{"line":42,"column":170}},"type":"binary-expr","locations":[{"start":{"line":42,"column":9},"end":{"line":42,"column":25}},{"start":{"line":42,"column":29},"end":{"line":42,"column":170}}],"line":42},"3":{"loc":{"start":{"line":43,"column":9},"end":{"line":43,"column":218}},"type":"binary-expr","locations":[{"start":{"line":43,"column":9},"end":{"line":43,"column":25}},{"start":{"line":43,"column":29},"end":{"line":43,"column":218}}],"line":43},"4":{"loc":{"start":{"line":45,"column":9},"end":{"line":45,"column":186}},"type":"binary-expr","locations":[{"start":{"line":45,"column":9},"end":{"line":45,"column":44}},{"start":{"line":45,"column":48},"end":{"line":45,"column":186}}],"line":45},"5":{"loc":{"start":{"line":46,"column":9},"end":{"line":46,"column":236}},"type":"binary-expr","locations":[{"start":{"line":46,"column":9},"end":{"line":46,"column":44}},{"start":{"line":46,"column":48},"end":{"line":46,"column":236}}],"line":46},"6":{"loc":{"start":{"line":50,"column":12},"end":{"line":52,"column":13}},"type":"if","locations":[{"start":{"line":50,"column":12},"end":{"line":52,"column":13}},{"start":{},"end":{}}],"line":50},"7":{"loc":{"start":{"line":58,"column":7},"end":{"line":58,"column":102}},"type":"binary-expr","locations":[{"start":{"line":58,"column":7},"end":{"line":58,"column":13}},{"start":{"line":58,"column":17},"end":{"line":58,"column":102}}],"line":58}},"s":{"0":1,"1":1,"2":25,"3":25,"4":25,"5":11,"6":25,"7":2,"8":2,"9":2,"10":25,"11":1,"12":1,"13":1,"14":25,"15":2,"16":2,"17":0,"18":200,"19":25,"20":175,"21":1},"f":{"0":25,"1":11,"2":2,"3":1,"4":2,"5":0,"6":200,"7":1},"b":{"0":[2,0],"1":[1,0],"2":[25,6],"3":[25,6],"4":[25,25],"5":[25,25],"6":[25,175],"7":[25,2]},"_coverageSchema":"1a1c01bbd47fc00a2c39e90264f33305004495a9","hash":"ccb933e086913d71110c3311665b74446f3aa146"}
,"/Users/jonathonzimdars/Documents/Hack/fec/src/components/overview/ImageCarousel.jsx": {"path":"/Users/jonathonzimdars/Documents/Hack/fec/src/components/overview/ImageCarousel.jsx","statementMap":{"0":{"start":{"line":4,"column":30},"end":{"line":4,"column":35}},"1":{"start":{"line":6,"column":22},"end":{"line":65,"column":1}},"2":{"start":{"line":7,"column":47},"end":{"line":7,"column":59}},"3":{"start":{"line":8,"column":45},"end":{"line":8,"column":57}},"4":{"start":{"line":9,"column":43},"end":{"line":9,"column":54}},"5":{"start":{"line":10,"column":49},"end":{"line":10,"column":60}},"6":{"start":{"line":12,"column":2},"end":{"line":25,"column":17}},"7":{"start":{"line":13,"column":17},"end":{"line":13,"column":19}},"8":{"start":{"line":14,"column":4},"end":{"line":14,"column":73}},"9":{"start":{"line":14,"column":36},"end":{"line":14,"column":71}},"10":{"start":{"line":15,"column":4},"end":{"line":15,"column":31}},"11":{"start":{"line":16,"column":4},"end":{"line":23,"column":5}},"12":{"start":{"line":17,"column":6},"end":{"line":17,"column":30}},"13":{"start":{"line":18,"column":6},"end":{"line":18,"column":27}},"14":{"start":{"line":19,"column":6},"end":{"line":19,"column":46}},"15":{"start":{"line":21,"column":6},"end":{"line":21,"column":49}},"16":{"start":{"line":22,"column":6},"end":{"line":22,"column":70}},"17":{"start":{"line":27,"column":2},"end":{"line":37,"column":19}},"18":{"start":{"line":28,"column":4},"end":{"line":36,"column":5}},"19":{"start":{"line":29,"column":23},"end":{"line":29,"column":45}},"20":{"start":{"line":30,"column":22},"end":{"line":30,"column":67}},"21":{"start":{"line":31,"column":6},"end":{"line":35,"column":5}},"22":{"start":{"line":32,"column":8},"end":{"line":32,"column":15}},"23":{"start":{"line":33,"column":11},"end":{"line":35,"column":5}},"24":{"start":{"line":34,"column":7},"end":{"line":34,"column":18}},"25":{"start":{"line":39,"column":15},"end":{"line":42,"column":3}},"26":{"start":{"line":40,"column":4},"end":{"line":40,"column":78}},"27":{"start":{"line":41,"column":4},"end":{"line":41,"column":39}},"28":{"start":{"line":44,"column":19},"end":{"line":47,"column":3}},"29":{"start":{"line":45,"column":4},"end":{"line":45,"column":78}},"30":{"start":{"line":46,"column":4},"end":{"line":46,"column":39}},"31":{"start":{"line":49,"column":2},"end":{"line":64,"column":3}},"32":{"start":{"line":54,"column":10},"end":{"line":59,"column":11}},"33":{"start":{"line":56,"column":14},"end":{"line":56,"column":44}},"34":{"start":{"line":57,"column":14},"end":{"line":57,"column":73}}},"fnMap":{"0":{"name":"(anonymous_0)","decl":{"start":{"line":6,"column":22},"end":{"line":6,"column":23}},"loc":{"start":{"line":6,"column":84},"end":{"line":65,"column":1}},"line":6},"1":{"name":"(anonymous_1)","decl":{"start":{"line":12,"column":12},"end":{"line":12,"column":13}},"loc":{"start":{"line":12,"column":18},"end":{"line":25,"column":3}},"line":12},"2":{"name":"(anonymous_2)","decl":{"start":{"line":14,"column":22},"end":{"line":14,"column":23}},"loc":{"start":{"line":14,"column":36},"end":{"line":14,"column":71}},"line":14},"3":{"name":"(anonymous_3)","decl":{"start":{"line":27,"column":12},"end":{"line":27,"column":13}},"loc":{"start":{"line":27,"column":18},"end":{"line":37,"column":3}},"line":27},"4":{"name":"(anonymous_4)","decl":{"start":{"line":39,"column":15},"end":{"line":39,"column":16}},"loc":{"start":{"line":39,"column":21},"end":{"line":42,"column":3}},"line":39},"5":{"name":"(anonymous_5)","decl":{"start":{"line":44,"column":19},"end":{"line":44,"column":20}},"loc":{"start":{"line":44,"column":25},"end":{"line":47,"column":3}},"line":44},"6":{"name":"(anonymous_6)","decl":{"start":{"line":53,"column":27},"end":{"line":53,"column":28}},"loc":{"start":{"line":53,"column":38},"end":{"line":60,"column":9}},"line":53},"7":{"name":"(anonymous_7)","decl":{"start":{"line":55,"column":263},"end":{"line":55,"column":264}},"loc":{"start":{"line":55,"column":268},"end":{"line":58,"column":13}},"line":55}},"branchMap":{"0":{"loc":{"start":{"line":16,"column":4},"end":{"line":23,"column":5}},"type":"if","locations":[{"start":{"line":16,"column":4},"end":{"line":23,"column":5}},{"start":{"line":20,"column":11},"end":{"line":23,"column":5}}],"line":16},"1":{"loc":{"start":{"line":28,"column":4},"end":{"line":36,"column":5}},"type":"if","locations":[{"start":{"line":28,"column":4},"end":{"line":36,"column":5}},{"start":{},"end":{}}],"line":28},"2":{"loc":{"start":{"line":31,"column":6},"end":{"line":35,"column":5}},"type":"if","locations":[{"start":{"line":31,"column":6},"end":{"line":35,"column":5}},{"start":{"line":33,"column":11},"end":{"line":35,"column":5}}],"line":31},"3":{"loc":{"start":{"line":33,"column":11},"end":{"line":35,"column":5}},"type":"if","locations":[{"start":{"line":33,"column":11},"end":{"line":35,"column":5}},{"start":{},"end":{}}],"line":33},"4":{"loc":{"start":{"line":52,"column":9},"end":{"line":52,"column":145}},"type":"binary-expr","locations":[{"start":{"line":52,"column":9},"end":{"line":52,"column":26}},{"start":{"line":52,"column":30},"end":{"line":52,"column":145}}],"line":52},"5":{"loc":{"start":{"line":55,"column":67},"end":{"line":55,"column":236}},"type":"cond-expr","locations":[{"start":{"line":55,"column":96},"end":{"line":55,"column":180}},{"start":{"line":55,"column":183},"end":{"line":55,"column":236}}],"line":55},"6":{"loc":{"start":{"line":61,"column":9},"end":{"line":61,"column":157}},"type":"binary-expr","locations":[{"start":{"line":61,"column":9},"end":{"line":61,"column":39}},{"start":{"line":61,"column":42},"end":{"line":61,"column":157}}],"line":61}},"s":{"0":1,"1":1,"2":109,"3":109,"4":109,"5":109,"6":109,"7":44,"8":44,"9":172,"10":44,"11":44,"12":25,"13":25,"14":25,"15":19,"16":19,"17":109,"18":58,"19":16,"20":16,"21":16,"22":1,"23":15,"24":0,"25":109,"26":4,"27":4,"28":109,"29":1,"30":1,"31":109,"32":459,"33":1,"34":1},"f":{"0":109,"1":44,"2":172,"3":58,"4":4,"5":1,"6":459,"7":1},"b":{"0":[25,19],"1":[16,42],"2":[1,15],"3":[0,15],"4":[109,4],"5":[63,396],"6":[109,57]},"_coverageSchema":"1a1c01bbd47fc00a2c39e90264f33305004495a9","hash":"d9e3f74032fc17e5ab4aa3761442d853d8a080e6"}
,"/Users/jonathonzimdars/Documents/Hack/fec/src/components/overview/ImageView.jsx": {"path":"/Users/jonathonzimdars/Documents/Hack/fec/src/components/overview/ImageView.jsx","statementMap":{"0":{"start":{"line":8,"column":32},"end":{"line":8,"column":37}},"1":{"start":{"line":10,"column":18},"end":{"line":85,"column":1}},"2":{"start":{"line":11,"column":41},"end":{"line":11,"column":53}},"3":{"start":{"line":12,"column":39},"end":{"line":12,"column":51}},"4":{"start":{"line":13,"column":35},"end":{"line":13,"column":47}},"5":{"start":{"line":14,"column":33},"end":{"line":14,"column":48}},"6":{"start":{"line":16,"column":2},"end":{"line":38,"column":13}},"7":{"start":{"line":17,"column":4},"end":{"line":37,"column":5}},"8":{"start":{"line":18,"column":19},"end":{"line":18,"column":21}},"9":{"start":{"line":19,"column":6},"end":{"line":21,"column":9}},"10":{"start":{"line":20,"column":8},"end":{"line":20,"column":34}},"11":{"start":{"line":26,"column":6},"end":{"line":26,"column":30}},"12":{"start":{"line":28,"column":6},"end":{"line":36,"column":7}},"13":{"start":{"line":29,"column":8},"end":{"line":29,"column":44}},"14":{"start":{"line":30,"column":8},"end":{"line":30,"column":85}},"15":{"start":{"line":31,"column":13},"end":{"line":36,"column":7}},"16":{"start":{"line":32,"column":8},"end":{"line":32,"column":28}},"17":{"start":{"line":33,"column":8},"end":{"line":33,"column":69}},"18":{"start":{"line":35,"column":8},"end":{"line":35,"column":78}},"19":{"start":{"line":40,"column":15},"end":{"line":45,"column":3}},"20":{"start":{"line":41,"column":4},"end":{"line":44,"column":5}},"21":{"start":{"line":42,"column":6},"end":{"line":42,"column":83}},"22":{"start":{"line":43,"column":6},"end":{"line":43,"column":39}},"23":{"start":{"line":47,"column":19},"end":{"line":52,"column":3}},"24":{"start":{"line":48,"column":4},"end":{"line":51,"column":5}},"25":{"start":{"line":49,"column":6},"end":{"line":49,"column":83}},"26":{"start":{"line":50,"column":6},"end":{"line":50,"column":39}},"27":{"start":{"line":54,"column":2},"end":{"line":84,"column":3}},"28":{"start":{"line":69,"column":208},"end":{"line":69,"column":227}},"29":{"start":{"line":75,"column":12},"end":{"line":77,"column":13}},"30":{"start":{"line":76,"column":14},"end":{"line":76,"column":137}},"31":{"start":{"line":78,"column":12},"end":{"line":78,"column":97}}},"fnMap":{"0":{"name":"(anonymous_0)","decl":{"start":{"line":10,"column":18},"end":{"line":10,"column":19}},"loc":{"start":{"line":10,"column":48},"end":{"line":85,"column":1}},"line":10},"1":{"name":"(anonymous_1)","decl":{"start":{"line":16,"column":12},"end":{"line":16,"column":13}},"loc":{"start":{"line":16,"column":18},"end":{"line":38,"column":3}},"line":16},"2":{"name":"(anonymous_2)","decl":{"start":{"line":19,"column":27},"end":{"line":19,"column":28}},"loc":{"start":{"line":19,"column":39},"end":{"line":21,"column":7}},"line":19},"3":{"name":"(anonymous_3)","decl":{"start":{"line":40,"column":15},"end":{"line":40,"column":16}},"loc":{"start":{"line":40,"column":21},"end":{"line":45,"column":3}},"line":40},"4":{"name":"(anonymous_4)","decl":{"start":{"line":47,"column":19},"end":{"line":47,"column":20}},"loc":{"start":{"line":47,"column":25},"end":{"line":52,"column":3}},"line":47},"5":{"name":"(anonymous_5)","decl":{"start":{"line":69,"column":201},"end":{"line":69,"column":202}},"loc":{"start":{"line":69,"column":206},"end":{"line":69,"column":229}},"line":69},"6":{"name":"(anonymous_6)","decl":{"start":{"line":74,"column":25},"end":{"line":74,"column":26}},"loc":{"start":{"line":74,"column":39},"end":{"line":79,"column":11}},"line":74}},"branchMap":{"0":{"loc":{"start":{"line":17,"column":4},"end":{"line":37,"column":5}},"type":"if","locations":[{"start":{"line":17,"column":4},"end":{"line":37,"column":5}},{"start":{},"end":{}}],"line":17},"1":{"loc":{"start":{"line":28,"column":6},"end":{"line":36,"column":7}},"type":"if","locations":[{"start":{"line":28,"column":6},"end":{"line":36,"column":7}},{"start":{"line":31,"column":13},"end":{"line":36,"column":7}}],"line":28},"2":{"loc":{"start":{"line":31,"column":13},"end":{"line":36,"column":7}},"type":"if","locations":[{"start":{"line":31,"column":13},"end":{"line":36,"column":7}},{"start":{"line":34,"column":13},"end":{"line":36,"column":7}}],"line":31},"3":{"loc":{"start":{"line":41,"column":4},"end":{"line":44,"column":5}},"type":"if","locations":[{"start":{"line":41,"column":4},"end":{"line":44,"column":5}},{"start":{},"end":{}}],"line":41},"4":{"loc":{"start":{"line":48,"column":4},"end":{"line":51,"column":5}},"type":"if","locations":[{"start":{"line":48,"column":4},"end":{"line":51,"column":5}},{"start":{},"end":{}}],"line":48},"5":{"loc":{"start":{"line":62,"column":9},"end":{"line":62,"column":163}},"type":"binary-expr","locations":[{"start":{"line":62,"column":9},"end":{"line":62,"column":25}},{"start":{"line":62,"column":29},"end":{"line":62,"column":163}}],"line":62},"6":{"loc":{"start":{"line":63,"column":9},"end":{"line":63,"column":257}},"type":"binary-expr","locations":[{"start":{"line":63,"column":9},"end":{"line":63,"column":25}},{"start":{"line":63,"column":29},"end":{"line":63,"column":257}}],"line":63},"7":{"loc":{"start":{"line":65,"column":9},"end":{"line":65,"column":186}},"type":"binary-expr","locations":[{"start":{"line":65,"column":9},"end":{"line":65,"column":44}},{"start":{"line":65,"column":48},"end":{"line":65,"column":186}}],"line":65},"8":{"loc":{"start":{"line":66,"column":9},"end":{"line":66,"column":264}},"type":"binary-expr","locations":[{"start":{"line":66,"column":9},"end":{"line":66,"column":44}},{"start":{"line":66,"column":48},"end":{"line":66,"column":264}}],"line":66},"9":{"loc":{"start":{"line":68,"column":9},"end":{"line":70,"column":16}},"type":"binary-expr","locations":[{"start":{"line":68,"column":9},"end":{"line":68,"column":14}},{"start":{"line":69,"column":10},"end":{"line":70,"column":16}}],"line":68},"10":{"loc":{"start":{"line":75,"column":12},"end":{"line":77,"column":13}},"type":"if","locations":[{"start":{"line":75,"column":12},"end":{"line":77,"column":13}},{"start":{},"end":{}}],"line":75},"11":{"loc":{"start":{"line":82,"column":7},"end":{"line":82,"column":187}},"type":"binary-expr","locations":[{"start":{"line":82,"column":7},"end":{"line":82,"column":13}},{"start":{"line":82,"column":17},"end":{"line":82,"column":187}}],"line":82}},"s":{"0":1,"1":1,"2":81,"3":81,"4":81,"5":81,"6":81,"7":23,"8":23,"9":23,"10":172,"11":23,"12":23,"13":0,"14":0,"15":23,"16":21,"17":21,"18":2,"19":81,"20":10,"21":10,"22":10,"23":81,"24":1,"25":1,"26":1,"27":81,"28":7,"29":466,"30":60,"31":406},"f":{"0":81,"1":23,"2":172,"3":10,"4":1,"5":7,"6":466},"b":{"0":[23,0],"1":[0,23],"2":[21,2],"3":[10,0],"4":[1,0],"5":[81,40],"6":[81,40],"7":[81,59],"8":[81,59],"9":[81,81],"10":[60,406],"11":[81,22]},"_coverageSchema":"1a1c01bbd47fc00a2c39e90264f33305004495a9","hash":"edd3eaec81bd51d8eb8fed5b500e5694fe0bb05e"}
,"/Users/jonathonzimdars/Documents/Hack/fec/src/components/overview/Overview.jsx": {"path":"/Users/jonathonzimdars/Documents/Hack/fec/src/components/overview/Overview.jsx","statementMap":{"0":{"start":{"line":10,"column":32},"end":{"line":10,"column":37}},"1":{"start":{"line":12,"column":17},"end":{"line":62,"column":1}},"2":{"start":{"line":13,"column":31},"end":{"line":13,"column":43}},"3":{"start":{"line":14,"column":41},"end":{"line":14,"column":52}},"4":{"start":{"line":15,"column":35},"end":{"line":15,"column":50}},"5":{"start":{"line":17,"column":2},"end":{"line":21,"column":15}},"6":{"start":{"line":18,"column":4},"end":{"line":20,"column":5}},"7":{"start":{"line":19,"column":6},"end":{"line":19,"column":29}},"8":{"start":{"line":23,"column":2},"end":{"line":27,"column":19}},"9":{"start":{"line":24,"column":4},"end":{"line":26,"column":5}},"10":{"start":{"line":25,"column":6},"end":{"line":25,"column":38}},"11":{"start":{"line":29,"column":2},"end":{"line":31,"column":15}},"12":{"start":{"line":30,"column":4},"end":{"line":30,"column":24}},"13":{"start":{"line":33,"column":24},"end":{"line":35,"column":3}},"14":{"start":{"line":34,"column":4},"end":{"line":34,"column":28}},"15":{"start":{"line":37,"column":2},"end":{"line":61,"column":3}},"16":{"start":{"line":39,"column":90},"end":{"line":39,"column":124}}},"fnMap":{"0":{"name":"(anonymous_0)","decl":{"start":{"line":12,"column":17},"end":{"line":12,"column":18}},"loc":{"start":{"line":12,"column":54},"end":{"line":62,"column":1}},"line":12},"1":{"name":"(anonymous_1)","decl":{"start":{"line":17,"column":12},"end":{"line":17,"column":13}},"loc":{"start":{"line":17,"column":18},"end":{"line":21,"column":3}},"line":17},"2":{"name":"(anonymous_2)","decl":{"start":{"line":23,"column":12},"end":{"line":23,"column":13}},"loc":{"start":{"line":23,"column":18},"end":{"line":27,"column":3}},"line":23},"3":{"name":"(anonymous_3)","decl":{"start":{"line":29,"column":12},"end":{"line":29,"column":13}},"loc":{"start":{"line":29,"column":18},"end":{"line":31,"column":3}},"line":29},"4":{"name":"(anonymous_4)","decl":{"start":{"line":33,"column":24},"end":{"line":33,"column":25}},"loc":{"start":{"line":33,"column":30},"end":{"line":35,"column":3}},"line":33},"5":{"name":"(anonymous_5)","decl":{"start":{"line":39,"column":85},"end":{"line":39,"column":86}},"loc":{"start":{"line":39,"column":90},"end":{"line":39,"column":124}},"line":39}},"branchMap":{"0":{"loc":{"start":{"line":18,"column":4},"end":{"line":20,"column":5}},"type":"if","locations":[{"start":{"line":18,"column":4},"end":{"line":20,"column":5}},{"start":{},"end":{}}],"line":18},"1":{"loc":{"start":{"line":24,"column":4},"end":{"line":26,"column":5}},"type":"if","locations":[{"start":{"line":24,"column":4},"end":{"line":26,"column":5}},{"start":{},"end":{}}],"line":24},"2":{"loc":{"start":{"line":40,"column":24},"end":{"line":40,"column":124}},"type":"cond-expr","locations":[{"start":{"line":40,"column":34},"end":{"line":40,"column":78}},{"start":{"line":40,"column":81},"end":{"line":40,"column":124}}],"line":40},"3":{"loc":{"start":{"line":43,"column":46},"end":{"line":43,"column":125}},"type":"cond-expr","locations":[{"start":{"line":43,"column":56},"end":{"line":43,"column":64}},{"start":{"line":43,"column":67},"end":{"line":43,"column":125}}],"line":43}},"s":{"0":1,"1":1,"2":47,"3":47,"4":47,"5":47,"6":21,"7":21,"8":47,"9":23,"10":23,"11":47,"12":21,"13":47,"14":1,"15":47,"16":33},"f":{"0":47,"1":21,"2":23,"3":21,"4":1,"5":33},"b":{"0":[21,0],"1":[23,0],"2":[1,46],"3":[1,46]},"_coverageSchema":"1a1c01bbd47fc00a2c39e90264f33305004495a9","hash":"e8e59468dd13ebe30374d10c3dcedb6911b99a17"}
,"/Users/jonathonzimdars/Documents/Hack/fec/src/components/overview/ProductInfo.jsx": {"path":"/Users/jonathonzimdars/Documents/Hack/fec/src/components/overview/ProductInfo.jsx","statementMap":{"0":{"start":{"line":9,"column":30},"end":{"line":9,"column":35}},"1":{"start":{"line":11,"column":20},"end":{"line":46,"column":1}},"2":{"start":{"line":12,"column":31},"end":{"line":12,"column":43}},"3":{"start":{"line":13,"column":39},"end":{"line":13,"column":51}},"4":{"start":{"line":14,"column":43},"end":{"line":14,"column":54}},"5":{"start":{"line":17,"column":2},"end":{"line":24,"column":14}},"6":{"start":{"line":18,"column":4},"end":{"line":18,"column":38}},"7":{"start":{"line":19,"column":4},"end":{"line":23,"column":5}},"8":{"start":{"line":20,"column":6},"end":{"line":20,"column":40}},"9":{"start":{"line":22,"column":6},"end":{"line":22,"column":28}},"10":{"start":{"line":27,"column":2},"end":{"line":31,"column":19}},"11":{"start":{"line":28,"column":4},"end":{"line":30,"column":5}},"12":{"start":{"line":29,"column":6},"end":{"line":29,"column":58}},"13":{"start":{"line":33,"column":2},"end":{"line":45,"column":3}}},"fnMap":{"0":{"name":"(anonymous_0)","decl":{"start":{"line":11,"column":20},"end":{"line":11,"column":21}},"loc":{"start":{"line":11,"column":54},"end":{"line":46,"column":1}},"line":11},"1":{"name":"(anonymous_1)","decl":{"start":{"line":17,"column":12},"end":{"line":17,"column":13}},"loc":{"start":{"line":17,"column":18},"end":{"line":24,"column":3}},"line":17},"2":{"name":"(anonymous_2)","decl":{"start":{"line":27,"column":12},"end":{"line":27,"column":13}},"loc":{"start":{"line":27,"column":18},"end":{"line":31,"column":3}},"line":27}},"branchMap":{"0":{"loc":{"start":{"line":19,"column":4},"end":{"line":23,"column":5}},"type":"if","locations":[{"start":{"line":19,"column":4},"end":{"line":23,"column":5}},{"start":{"line":21,"column":11},"end":{"line":23,"column":5}}],"line":19},"1":{"loc":{"start":{"line":19,"column":8},"end":{"line":19,"column":52}},"type":"binary-expr","locations":[{"start":{"line":19,"column":8},"end":{"line":19,"column":32}},{"start":{"line":19,"column":36},"end":{"line":19,"column":52}}],"line":19},"2":{"loc":{"start":{"line":28,"column":4},"end":{"line":30,"column":5}},"type":"if","locations":[{"start":{"line":28,"column":4},"end":{"line":30,"column":5}},{"start":{},"end":{}}],"line":28},"3":{"loc":{"start":{"line":38,"column":7},"end":{"line":38,"column":230}},"type":"binary-expr","locations":[{"start":{"line":38,"column":7},"end":{"line":38,"column":18}},{"start":{"line":38,"column":22},"end":{"line":38,"column":230}}],"line":38},"4":{"loc":{"start":{"line":41,"column":7},"end":{"line":41,"column":69}},"type":"binary-expr","locations":[{"start":{"line":41,"column":7},"end":{"line":41,"column":17}},{"start":{"line":41,"column":21},"end":{"line":41,"column":69}}],"line":41},"5":{"loc":{"start":{"line":42,"column":7},"end":{"line":42,"column":175}},"type":"binary-expr","locations":[{"start":{"line":42,"column":7},"end":{"line":42,"column":16}},{"start":{"line":42,"column":20},"end":{"line":42,"column":175}}],"line":42}},"s":{"0":1,"1":1,"2":146,"3":146,"4":146,"5":146,"6":93,"7":93,"8":3,"9":90,"10":146,"11":47,"12":47,"13":146},"f":{"0":146,"1":93,"2":47},"b":{"0":[3,90],"1":[93,93],"2":[47,0],"3":[146,99],"4":[146,143],"5":[146,3]},"_coverageSchema":"1a1c01bbd47fc00a2c39e90264f33305004495a9","hash":"52a5600ab7cc088123aa3bd3441c8e316bf54c7d"}
,"/Users/jonathonzimdars/Documents/Hack/fec/src/components/overview/Social.jsx": {"path":"/Users/jonathonzimdars/Documents/Hack/fec/src/components/overview/Social.jsx","statementMap":{"0":{"start":{"line":3,"column":15},"end":{"line":15,"column":1}},"1":{"start":{"line":5,"column":2},"end":{"line":14,"column":3}}},"fnMap":{"0":{"name":"(anonymous_0)","decl":{"start":{"line":3,"column":15},"end":{"line":3,"column":16}},"loc":{"start":{"line":3,"column":21},"end":{"line":15,"column":1}},"line":3}},"branchMap":{},"s":{"0":1,"1":193},"f":{"0":193},"b":{},"_coverageSchema":"1a1c01bbd47fc00a2c39e90264f33305004495a9","hash":"2815b1680ae4c765256ec89a9872bcfbae6a85f8"}
,"/Users/jonathonzimdars/Documents/Hack/fec/src/components/overview/Styles.jsx": {"path":"/Users/jonathonzimdars/Documents/Hack/fec/src/components/overview/Styles.jsx","statementMap":{"0":{"start":{"line":3,"column":15},"end":{"line":21,"column":1}},"1":{"start":{"line":5,"column":2},"end":{"line":20,"column":4}},"2":{"start":{"line":10,"column":10},"end":{"line":16,"column":141}},"3":{"start":{"line":11,"column":12},"end":{"line":13,"column":13}},"4":{"start":{"line":12,"column":14},"end":{"line":12,"column":38}}},"fnMap":{"0":{"name":"(anonymous_0)","decl":{"start":{"line":3,"column":15},"end":{"line":3,"column":16}},"loc":{"start":{"line":3,"column":61},"end":{"line":21,"column":1}},"line":3},"1":{"name":"(anonymous_1)","decl":{"start":{"line":9,"column":20},"end":{"line":9,"column":21}},"loc":{"start":{"line":9,"column":38},"end":{"line":17,"column":9}},"line":9},"2":{"name":"(anonymous_2)","decl":{"start":{"line":10,"column":76},"end":{"line":10,"column":77}},"loc":{"start":{"line":10,"column":81},"end":{"line":14,"column":11}},"line":10}},"branchMap":{"0":{"loc":{"start":{"line":7,"column":25},"end":{"line":7,"column":70}},"type":"binary-expr","locations":[{"start":{"line":7,"column":25},"end":{"line":7,"column":43}},{"start":{"line":7,"column":47},"end":{"line":7,"column":70}}],"line":7},"1":{"loc":{"start":{"line":11,"column":12},"end":{"line":13,"column":13}},"type":"if","locations":[{"start":{"line":11,"column":12},"end":{"line":13,"column":13}},{"start":{},"end":{}}],"line":11},"2":{"loc":{"start":{"line":15,"column":13},"end":{"line":15,"column":165}},"type":"binary-expr","locations":[{"start":{"line":15,"column":13},"end":{"line":15,"column":33}},{"start":{"line":15,"column":37},"end":{"line":15,"column":165}}],"line":15}},"s":{"0":1,"1":99,"2":594,"3":5,"4":5},"f":{"0":99,"1":594,"2":5},"b":{"0":[99,98],"1":[5,0],"2":[594,98]},"_coverageSchema":"1a1c01bbd47fc00a2c39e90264f33305004495a9","hash":"3f314735e9224017be9e20f2c0f13dfc145191d6"}
,"/Users/jonathonzimdars/Documents/Hack/fec/src/components/overview/Zoom.jsx": {"path":"/Users/jonathonzimdars/Documents/Hack/fec/src/components/overview/Zoom.jsx","statementMap":{"0":{"start":{"line":3,"column":30},"end":{"line":3,"column":35}},"1":{"start":{"line":5,"column":13},"end":{"line":36,"column":1}},"2":{"start":{"line":6,"column":27},"end":{"line":6,"column":38}},"3":{"start":{"line":7,"column":29},"end":{"line":7,"column":40}},"4":{"start":{"line":8,"column":35},"end":{"line":8,"column":47}},"5":{"start":{"line":10,"column":19},"end":{"line":10,"column":36}},"6":{"start":{"line":11,"column":20},"end":{"line":11,"column":38}},"7":{"start":{"line":13,"column":2},"end":{"line":15,"column":18}},"8":{"start":{"line":14,"column":4},"end":{"line":14,"column":25}},"9":{"start":{"line":17,"column":20},"end":{"line":30,"column":3}},"10":{"start":{"line":18,"column":16},"end":{"line":18,"column":17}},"11":{"start":{"line":19,"column":4},"end":{"line":21,"column":5}},"12":{"start":{"line":20,"column":6},"end":{"line":20,"column":47}},"13":{"start":{"line":22,"column":19},"end":{"line":22,"column":61}},"14":{"start":{"line":23,"column":16},"end":{"line":23,"column":34}},"15":{"start":{"line":24,"column":16},"end":{"line":24,"column":35}},"16":{"start":{"line":25,"column":4},"end":{"line":29,"column":6}},"17":{"start":{"line":33,"column":2},"end":{"line":35,"column":3}},"18":{"start":{"line":34,"column":74},"end":{"line":34,"column":93}}},"fnMap":{"0":{"name":"(anonymous_0)","decl":{"start":{"line":5,"column":13},"end":{"line":5,"column":14}},"loc":{"start":{"line":5,"column":49},"end":{"line":36,"column":1}},"line":5},"1":{"name":"(anonymous_1)","decl":{"start":{"line":13,"column":12},"end":{"line":13,"column":13}},"loc":{"start":{"line":13,"column":18},"end":{"line":15,"column":3}},"line":13},"2":{"name":"(anonymous_2)","decl":{"start":{"line":17,"column":20},"end":{"line":17,"column":21}},"loc":{"start":{"line":17,"column":27},"end":{"line":30,"column":3}},"line":17},"3":{"name":"(anonymous_3)","decl":{"start":{"line":34,"column":68},"end":{"line":34,"column":69}},"loc":{"start":{"line":34,"column":73},"end":{"line":34,"column":94}},"line":34}},"branchMap":{"0":{"loc":{"start":{"line":19,"column":4},"end":{"line":21,"column":5}},"type":"if","locations":[{"start":{"line":19,"column":4},"end":{"line":21,"column":5}},{"start":{},"end":{}}],"line":19}},"s":{"0":1,"1":1,"2":4,"3":4,"4":4,"5":4,"6":4,"7":4,"8":2,"9":4,"10":2,"11":2,"12":0,"13":2,"14":2,"15":2,"16":2,"17":4,"18":1},"f":{"0":4,"1":2,"2":2,"3":1},"b":{"0":[0,2]},"_coverageSchema":"1a1c01bbd47fc00a2c39e90264f33305004495a9","hash":"026b97e961c7e5f91ee757b5b840ef3c9823e0fb"}
,"/Users/jonathonzimdars/Documents/Hack/fec/src/components/qna/AList.jsx": {"path":"/Users/jonathonzimdars/Documents/Hack/fec/src/components/qna/AList.jsx","statementMap":{"0":{"start":{"line":4,"column":14},"end":{"line":43,"column":1}},"1":{"start":{"line":6,"column":32},"end":{"line":6,"column":44}},"2":{"start":{"line":7,"column":34},"end":{"line":7,"column":49}},"3":{"start":{"line":8,"column":26},"end":{"line":8,"column":40}},"4":{"start":{"line":10,"column":2},"end":{"line":10,"column":53}},"5":{"start":{"line":10,"column":20},"end":{"line":10,"column":39}},"6":{"start":{"line":12,"column":28},"end":{"line":22,"column":3}},"7":{"start":{"line":13,"column":4},"end":{"line":17,"column":5}},"8":{"start":{"line":14,"column":6},"end":{"line":14,"column":43}},"9":{"start":{"line":15,"column":11},"end":{"line":17,"column":5}},"10":{"start":{"line":16,"column":6},"end":{"line":16,"column":31}},"11":{"start":{"line":19,"column":4},"end":{"line":21,"column":5}},"12":{"start":{"line":20,"column":6},"end":{"line":20,"column":20}},"13":{"start":{"line":24,"column":26},"end":{"line":28,"column":3}},"14":{"start":{"line":25,"column":4},"end":{"line":25,"column":24}},"15":{"start":{"line":26,"column":4},"end":{"line":26,"column":22}},"16":{"start":{"line":27,"column":4},"end":{"line":27,"column":19}},"17":{"start":{"line":30,"column":30},"end":{"line":34,"column":3}},"18":{"start":{"line":31,"column":4},"end":{"line":31,"column":24}},"19":{"start":{"line":32,"column":4},"end":{"line":32,"column":23}},"20":{"start":{"line":33,"column":4},"end":{"line":33,"column":18}},"21":{"start":{"line":36,"column":2},"end":{"line":42,"column":3}},"22":{"start":{"line":38,"column":38},"end":{"line":38,"column":73}}},"fnMap":{"0":{"name":"(anonymous_0)","decl":{"start":{"line":4,"column":14},"end":{"line":4,"column":15}},"loc":{"start":{"line":4,"column":31},"end":{"line":43,"column":1}},"line":4},"1":{"name":"(anonymous_1)","decl":{"start":{"line":10,"column":12},"end":{"line":10,"column":13}},"loc":{"start":{"line":10,"column":18},"end":{"line":10,"column":41}},"line":10},"2":{"name":"(anonymous_2)","decl":{"start":{"line":12,"column":28},"end":{"line":12,"column":29}},"loc":{"start":{"line":12,"column":34},"end":{"line":22,"column":3}},"line":12},"3":{"name":"(anonymous_3)","decl":{"start":{"line":24,"column":26},"end":{"line":24,"column":27}},"loc":{"start":{"line":24,"column":32},"end":{"line":28,"column":3}},"line":24},"4":{"name":"(anonymous_4)","decl":{"start":{"line":30,"column":30},"end":{"line":30,"column":31}},"loc":{"start":{"line":30,"column":36},"end":{"line":34,"column":3}},"line":30},"5":{"name":"(anonymous_5)","decl":{"start":{"line":38,"column":19},"end":{"line":38,"column":20}},"loc":{"start":{"line":38,"column":38},"end":{"line":38,"column":73}},"line":38}},"branchMap":{"0":{"loc":{"start":{"line":13,"column":4},"end":{"line":17,"column":5}},"type":"if","locations":[{"start":{"line":13,"column":4},"end":{"line":17,"column":5}},{"start":{"line":15,"column":11},"end":{"line":17,"column":5}}],"line":13},"1":{"loc":{"start":{"line":15,"column":11},"end":{"line":17,"column":5}},"type":"if","locations":[{"start":{"line":15,"column":11},"end":{"line":17,"column":5}},{"start":{},"end":{}}],"line":15},"2":{"loc":{"start":{"line":19,"column":4},"end":{"line":21,"column":5}},"type":"if","locations":[{"start":{"line":19,"column":4},"end":{"line":21,"column":5}},{"start":{},"end":{}}],"line":19},"3":{"loc":{"start":{"line":39,"column":7},"end":{"line":39,"column":109}},"type":"binary-expr","locations":[{"start":{"line":39,"column":7},"end":{"line":39,"column":11}},{"start":{"line":39,"column":15},"end":{"line":39,"column":109}}],"line":39},"4":{"loc":{"start":{"line":40,"column":7},"end":{"line":40,"column":108}},"type":"binary-expr","locations":[{"start":{"line":40,"column":7},"end":{"line":40,"column":15}},{"start":{"line":40,"column":19},"end":{"line":40,"column":108}}],"line":40}},"s":{"0":1,"1":0,"2":0,"3":0,"4":0,"5":0,"6":0,"7":0,"8":0,"9":0,"10":0,"11":0,"12":0,"13":0,"14":0,"15":0,"16":0,"17":0,"18":0,"19":0,"20":0,"21":0,"22":0},"f":{"0":0,"1":0,"2":0,"3":0,"4":0,"5":0},"b":{"0":[0,0],"1":[0,0],"2":[0,0],"3":[0,0],"4":[0,0]},"_coverageSchema":"1a1c01bbd47fc00a2c39e90264f33305004495a9","hash":"71b6501ea4100a1f272e592dc7df820035149d85"}
,"/Users/jonathonzimdars/Documents/Hack/fec/src/components/qna/OneA.jsx": {"path":"/Users/jonathonzimdars/Documents/Hack/fec/src/components/qna/OneA.jsx","statementMap":{"0":{"start":{"line":3,"column":13},"end":{"line":46,"column":1}},"1":{"start":{"line":4,"column":15},"end":{"line":4,"column":36}},"2":{"start":{"line":5,"column":18},"end":{"line":5,"column":68}},"3":{"start":{"line":6,"column":24},"end":{"line":6,"column":65}},"4":{"start":{"line":8,"column":40},"end":{"line":8,"column":51}},"5":{"start":{"line":9,"column":34},"end":{"line":9,"column":49}},"6":{"start":{"line":11,"column":2},"end":{"line":13,"column":14}},"7":{"start":{"line":12,"column":4},"end":{"line":12,"column":38}},"8":{"start":{"line":15,"column":25},"end":{"line":17,"column":3}},"9":{"start":{"line":16,"column":4},"end":{"line":16,"column":40}},"10":{"start":{"line":19,"column":28},"end":{"line":21,"column":3}},"11":{"start":{"line":20,"column":4},"end":{"line":20,"column":22}},"12":{"start":{"line":23,"column":2},"end":{"line":27,"column":3}},"13":{"start":{"line":24,"column":21},"end":{"line":24,"column":58}},"14":{"start":{"line":26,"column":21},"end":{"line":26,"column":93}},"15":{"start":{"line":29,"column":2},"end":{"line":45,"column":3}}},"fnMap":{"0":{"name":"(anonymous_0)","decl":{"start":{"line":3,"column":13},"end":{"line":3,"column":14}},"loc":{"start":{"line":3,"column":29},"end":{"line":46,"column":1}},"line":3},"1":{"name":"(anonymous_1)","decl":{"start":{"line":11,"column":12},"end":{"line":11,"column":13}},"loc":{"start":{"line":11,"column":18},"end":{"line":13,"column":3}},"line":11},"2":{"name":"(anonymous_2)","decl":{"start":{"line":15,"column":25},"end":{"line":15,"column":26}},"loc":{"start":{"line":15,"column":31},"end":{"line":17,"column":3}},"line":15},"3":{"name":"(anonymous_3)","decl":{"start":{"line":19,"column":28},"end":{"line":19,"column":29}},"loc":{"start":{"line":19,"column":34},"end":{"line":21,"column":3}},"line":19}},"branchMap":{"0":{"loc":{"start":{"line":23,"column":2},"end":{"line":27,"column":3}},"type":"if","locations":[{"start":{"line":23,"column":2},"end":{"line":27,"column":3}},{"start":{"line":25,"column":9},"end":{"line":27,"column":3}}],"line":23}},"s":{"0":1,"1":0,"2":0,"3":0,"4":0,"5":0,"6":0,"7":0,"8":0,"9":0,"10":0,"11":0,"12":0,"13":0,"14":0,"15":0},"f":{"0":0,"1":0,"2":0,"3":0},"b":{"0":[0,0]},"_coverageSchema":"1a1c01bbd47fc00a2c39e90264f33305004495a9","hash":"c0412f6ec00eac1f4a66186c3256a43e79f5030f"}
,"/Users/jonathonzimdars/Documents/Hack/fec/src/components/qna/OneQ.jsx": {"path":"/Users/jonathonzimdars/Documents/Hack/fec/src/components/qna/OneQ.jsx","statementMap":{"0":{"start":{"line":3,"column":13},"end":{"line":37,"column":1}},"1":{"start":{"line":5,"column":40},"end":{"line":5,"column":51}},"2":{"start":{"line":7,"column":2},"end":{"line":10,"column":20}},"3":{"start":{"line":8,"column":4},"end":{"line":9,"column":55}},"4":{"start":{"line":9,"column":6},"end":{"line":9,"column":55}},"5":{"start":{"line":12,"column":25},"end":{"line":14,"column":3}},"6":{"start":{"line":13,"column":4},"end":{"line":13,"column":55}},"7":{"start":{"line":17,"column":2},"end":{"line":30,"column":41}},"8":{"start":{"line":18,"column":4},"end":{"line":28,"column":6}},"9":{"start":{"line":30,"column":4},"end":{"line":30,"column":41}},"10":{"start":{"line":32,"column":2},"end":{"line":36,"column":3}}},"fnMap":{"0":{"name":"(anonymous_0)","decl":{"start":{"line":3,"column":13},"end":{"line":3,"column":14}},"loc":{"start":{"line":3,"column":35},"end":{"line":37,"column":1}},"line":3},"1":{"name":"(anonymous_1)","decl":{"start":{"line":7,"column":12},"end":{"line":7,"column":13}},"loc":{"start":{"line":7,"column":18},"end":{"line":10,"column":3}},"line":7},"2":{"name":"(anonymous_2)","decl":{"start":{"line":12,"column":25},"end":{"line":12,"column":26}},"loc":{"start":{"line":12,"column":31},"end":{"line":14,"column":3}},"line":12}},"branchMap":{"0":{"loc":{"start":{"line":8,"column":4},"end":{"line":9,"column":55}},"type":"if","locations":[{"start":{"line":8,"column":4},"end":{"line":9,"column":55}},{"start":{},"end":{}}],"line":8},"1":{"loc":{"start":{"line":17,"column":2},"end":{"line":30,"column":41}},"type":"if","locations":[{"start":{"line":17,"column":2},"end":{"line":30,"column":41}},{"start":{"line":30,"column":4},"end":{"line":30,"column":41}}],"line":17}},"s":{"0":1,"1":0,"2":0,"3":0,"4":0,"5":0,"6":0,"7":0,"8":0,"9":0,"10":0},"f":{"0":0,"1":0,"2":0},"b":{"0":[0,0],"1":[0,0]},"_coverageSchema":"1a1c01bbd47fc00a2c39e90264f33305004495a9","hash":"cabacff07e6e75d59814aa78c897fcfc0299b381"}
,"/Users/jonathonzimdars/Documents/Hack/fec/src/components/qna/OneQnA.jsx": {"path":"/Users/jonathonzimdars/Documents/Hack/fec/src/components/qna/OneQnA.jsx","statementMap":{"0":{"start":{"line":5,"column":15},"end":{"line":20,"column":1}},"1":{"start":{"line":8,"column":2},"end":{"line":12,"column":3}},"2":{"start":{"line":9,"column":4},"end":{"line":9,"column":54}},"3":{"start":{"line":11,"column":4},"end":{"line":11,"column":38}},"4":{"start":{"line":14,"column":2},"end":{"line":19,"column":3}}},"fnMap":{"0":{"name":"(anonymous_0)","decl":{"start":{"line":5,"column":15},"end":{"line":5,"column":16}},"loc":{"start":{"line":5,"column":37},"end":{"line":20,"column":1}},"line":5}},"branchMap":{"0":{"loc":{"start":{"line":8,"column":2},"end":{"line":12,"column":3}},"type":"if","locations":[{"start":{"line":8,"column":2},"end":{"line":12,"column":3}},{"start":{"line":10,"column":9},"end":{"line":12,"column":3}}],"line":8}},"s":{"0":1,"1":0,"2":0,"3":0,"4":0},"f":{"0":0},"b":{"0":[0,0]},"_coverageSchema":"1a1c01bbd47fc00a2c39e90264f33305004495a9","hash":"f224ca3555a67e8757cb08b4a65048f5b4433598"}
,"/Users/jonathonzimdars/Documents/Hack/fec/src/components/qna/QForm.jsx": {"path":"/Users/jonathonzimdars/Documents/Hack/fec/src/components/qna/QForm.jsx","statementMap":{"0":{"start":{"line":3,"column":14},"end":{"line":75,"column":1}},"1":{"start":{"line":5,"column":34},"end":{"line":5,"column":46}},"2":{"start":{"line":6,"column":34},"end":{"line":6,"column":46}},"3":{"start":{"line":7,"column":28},"end":{"line":7,"column":40}},"4":{"start":{"line":10,"column":23},"end":{"line":31,"column":3}},"5":{"start":{"line":12,"column":4},"end":{"line":12,"column":27}},"6":{"start":{"line":15,"column":4},"end":{"line":30,"column":5}},"7":{"start":{"line":17,"column":6},"end":{"line":17,"column":68}},"8":{"start":{"line":18,"column":11},"end":{"line":30,"column":5}},"9":{"start":{"line":20,"column":6},"end":{"line":20,"column":64}},"10":{"start":{"line":21,"column":11},"end":{"line":30,"column":5}},"11":{"start":{"line":23,"column":6},"end":{"line":23,"column":70}},"12":{"start":{"line":24,"column":11},"end":{"line":30,"column":5}},"13":{"start":{"line":26,"column":6},"end":{"line":26,"column":70}},"14":{"start":{"line":29,"column":6},"end":{"line":29,"column":107}},"15":{"start":{"line":33,"column":2},"end":{"line":74,"column":4}},"16":{"start":{"line":45,"column":29},"end":{"line":45,"column":60}},"17":{"start":{"line":57,"column":31},"end":{"line":57,"column":62}},"18":{"start":{"line":69,"column":31},"end":{"line":69,"column":59}}},"fnMap":{"0":{"name":"(anonymous_0)","decl":{"start":{"line":3,"column":14},"end":{"line":3,"column":15}},"loc":{"start":{"line":3,"column":20},"end":{"line":75,"column":1}},"line":3},"1":{"name":"(anonymous_1)","decl":{"start":{"line":10,"column":23},"end":{"line":10,"column":24}},"loc":{"start":{"line":10,"column":34},"end":{"line":31,"column":3}},"line":10},"2":{"name":"(anonymous_2)","decl":{"start":{"line":45,"column":18},"end":{"line":45,"column":19}},"loc":{"start":{"line":45,"column":29},"end":{"line":45,"column":60}},"line":45},"3":{"name":"(anonymous_3)","decl":{"start":{"line":57,"column":20},"end":{"line":57,"column":21}},"loc":{"start":{"line":57,"column":31},"end":{"line":57,"column":62}},"line":57},"4":{"name":"(anonymous_4)","decl":{"start":{"line":69,"column":20},"end":{"line":69,"column":21}},"loc":{"start":{"line":69,"column":31},"end":{"line":69,"column":59}},"line":69}},"branchMap":{"0":{"loc":{"start":{"line":15,"column":4},"end":{"line":30,"column":5}},"type":"if","locations":[{"start":{"line":15,"column":4},"end":{"line":30,"column":5}},{"start":{"line":18,"column":11},"end":{"line":30,"column":5}}],"line":15},"1":{"loc":{"start":{"line":15,"column":8},"end":{"line":15,"column":40}},"type":"binary-expr","locations":[{"start":{"line":15,"column":8},"end":{"line":15,"column":17}},{"start":{"line":15,"column":21},"end":{"line":15,"column":30}},{"start":{"line":15,"column":34},"end":{"line":15,"column":40}}],"line":15},"2":{"loc":{"start":{"line":18,"column":11},"end":{"line":30,"column":5}},"type":"if","locations":[{"start":{"line":18,"column":11},"end":{"line":30,"column":5}},{"start":{"line":21,"column":11},"end":{"line":30,"column":5}}],"line":18},"3":{"loc":{"start":{"line":21,"column":11},"end":{"line":30,"column":5}},"type":"if","locations":[{"start":{"line":21,"column":11},"end":{"line":30,"column":5}},{"start":{"line":24,"column":11},"end":{"line":30,"column":5}}],"line":21},"4":{"loc":{"start":{"line":24,"column":11},"end":{"line":30,"column":5}},"type":"if","locations":[{"start":{"line":24,"column":11},"end":{"line":30,"column":5}},{"start":{"line":27,"column":11},"end":{"line":30,"column":5}}],"line":24}},"s":{"0":1,"1":0,"2":0,"3":0,"4":0,"5":0,"6":0,"7":0,"8":0,"9":0,"10":0,"11":0,"12":0,"13":0,"14":0,"15":0,"16":0,"17":0,"18":0},"f":{"0":0,"1":0,"2":0,"3":0,"4":0},"b":{"0":[0,0],"1":[0,0,0],"2":[0,0],"3":[0,0],"4":[0,0]},"_coverageSchema":"1a1c01bbd47fc00a2c39e90264f33305004495a9","hash":"8bdabb61eccb8abd5fc3f4bc636df06447d6956a"}
,"/Users/jonathonzimdars/Documents/Hack/fec/src/components/qna/QModal.jsx": {"path":"/Users/jonathonzimdars/Documents/Hack/fec/src/components/qna/QModal.jsx","statementMap":{"0":{"start":{"line":5,"column":15},"end":{"line":27,"column":1}},"1":{"start":{"line":7,"column":27},"end":{"line":9,"column":3}},"2":{"start":{"line":8,"column":4},"end":{"line":8,"column":25}},"3":{"start":{"line":11,"column":2},"end":{"line":26,"column":4}},"4":{"start":{"line":18,"column":22},"end":{"line":18,"column":41}}},"fnMap":{"0":{"name":"(anonymous_0)","decl":{"start":{"line":5,"column":15},"end":{"line":5,"column":16}},"loc":{"start":{"line":5,"column":38},"end":{"line":27,"column":1}},"line":5},"1":{"name":"(anonymous_1)","decl":{"start":{"line":7,"column":27},"end":{"line":7,"column":28}},"loc":{"start":{"line":7,"column":33},"end":{"line":9,"column":3}},"line":7},"2":{"name":"(anonymous_2)","decl":{"start":{"line":18,"column":17},"end":{"line":18,"column":18}},"loc":{"start":{"line":18,"column":22},"end":{"line":18,"column":41}},"line":18}},"branchMap":{},"s":{"0":1,"1":0,"2":0,"3":0,"4":0},"f":{"0":0,"1":0,"2":0},"b":{},"_coverageSchema":"1a1c01bbd47fc00a2c39e90264f33305004495a9","hash":"65fec9c92533744126e35d1790f05b3121f7adad"}
,"/Users/jonathonzimdars/Documents/Hack/fec/src/components/qna/QnA.jsx": {"path":"/Users/jonathonzimdars/Documents/Hack/fec/src/components/qna/QnA.jsx","statementMap":{"0":{"start":{"line":6,"column":12},"end":{"line":27,"column":1}},"1":{"start":{"line":8,"column":2},"end":{"line":26,"column":3}}},"fnMap":{"0":{"name":"(anonymous_0)","decl":{"start":{"line":6,"column":12},"end":{"line":6,"column":13}},"loc":{"start":{"line":6,"column":29},"end":{"line":27,"column":1}},"line":6}},"branchMap":{},"s":{"0":1,"1":1},"f":{"0":1},"b":{},"_coverageSchema":"1a1c01bbd47fc00a2c39e90264f33305004495a9","hash":"6fe899533ebee58742fb7b8c122141ed5851bede"}
,"/Users/jonathonzimdars/Documents/Hack/fec/src/components/qna/QnAList.jsx": {"path":"/Users/jonathonzimdars/Documents/Hack/fec/src/components/qna/QnAList.jsx","statementMap":{"0":{"start":{"line":7,"column":16},"end":{"line":109,"column":1}},"1":{"start":{"line":9,"column":36},"end":{"line":9,"column":48}},"2":{"start":{"line":10,"column":34},"end":{"line":10,"column":49}},"3":{"start":{"line":11,"column":50},"end":{"line":11,"column":62}},"4":{"start":{"line":12,"column":26},"end":{"line":12,"column":41}},"5":{"start":{"line":13,"column":38},"end":{"line":13,"column":53}},"6":{"start":{"line":15,"column":23},"end":{"line":21,"column":3}},"7":{"start":{"line":16,"column":4},"end":{"line":17,"column":16}},"8":{"start":{"line":17,"column":6},"end":{"line":17,"column":16}},"9":{"start":{"line":18,"column":4},"end":{"line":19,"column":15}},"10":{"start":{"line":19,"column":6},"end":{"line":19,"column":15}},"11":{"start":{"line":20,"column":4},"end":{"line":20,"column":13}},"12":{"start":{"line":23,"column":23},"end":{"line":29,"column":3}},"13":{"start":{"line":24,"column":4},"end":{"line":25,"column":16}},"14":{"start":{"line":25,"column":6},"end":{"line":25,"column":16}},"15":{"start":{"line":26,"column":4},"end":{"line":27,"column":15}},"16":{"start":{"line":27,"column":6},"end":{"line":27,"column":15}},"17":{"start":{"line":28,"column":4},"end":{"line":28,"column":13}},"18":{"start":{"line":31,"column":22},"end":{"line":37,"column":3}},"19":{"start":{"line":32,"column":4},"end":{"line":36,"column":6}},"20":{"start":{"line":33,"column":6},"end":{"line":33,"column":43}},"21":{"start":{"line":34,"column":6},"end":{"line":34,"column":35}},"22":{"start":{"line":35,"column":6},"end":{"line":35,"column":15}},"23":{"start":{"line":39,"column":2},"end":{"line":51,"column":16}},"24":{"start":{"line":40,"column":4},"end":{"line":50,"column":24}},"25":{"start":{"line":41,"column":6},"end":{"line":46,"column":83}},"26":{"start":{"line":42,"column":26},"end":{"line":42,"column":66}},"27":{"start":{"line":43,"column":32},"end":{"line":43,"column":59}},"28":{"start":{"line":44,"column":32},"end":{"line":44,"column":60}},"29":{"start":{"line":46,"column":22},"end":{"line":46,"column":81}},"30":{"start":{"line":47,"column":9},"end":{"line":50,"column":24}},"31":{"start":{"line":48,"column":6},"end":{"line":48,"column":70}},"32":{"start":{"line":50,"column":6},"end":{"line":50,"column":24}},"33":{"start":{"line":53,"column":2},"end":{"line":56,"column":18}},"34":{"start":{"line":54,"column":4},"end":{"line":55,"column":78}},"35":{"start":{"line":55,"column":6},"end":{"line":55,"column":78}},"36":{"start":{"line":59,"column":2},"end":{"line":64,"column":17}},"37":{"start":{"line":60,"column":4},"end":{"line":63,"column":55}},"38":{"start":{"line":61,"column":6},"end":{"line":61,"column":41}},"39":{"start":{"line":62,"column":9},"end":{"line":63,"column":55}},"40":{"start":{"line":63,"column":6},"end":{"line":63,"column":55}},"41":{"start":{"line":66,"column":2},"end":{"line":70,"column":17}},"42":{"start":{"line":67,"column":4},"end":{"line":69,"column":5}},"43":{"start":{"line":68,"column":6},"end":{"line":68,"column":19}},"44":{"start":{"line":72,"column":26},"end":{"line":86,"column":3}},"45":{"start":{"line":73,"column":14},"end":{"line":73,"column":37}},"46":{"start":{"line":74,"column":16},"end":{"line":74,"column":58}},"47":{"start":{"line":75,"column":4},"end":{"line":85,"column":5}},"48":{"start":{"line":76,"column":6},"end":{"line":76,"column":67}},"49":{"start":{"line":77,"column":6},"end":{"line":77,"column":21}},"50":{"start":{"line":78,"column":11},"end":{"line":85,"column":5}},"51":{"start":{"line":79,"column":6},"end":{"line":79,"column":83}},"52":{"start":{"line":80,"column":6},"end":{"line":80,"column":21}},"53":{"start":{"line":81,"column":11},"end":{"line":85,"column":5}},"54":{"start":{"line":82,"column":6},"end":{"line":82,"column":83}},"55":{"start":{"line":84,"column":6},"end":{"line":84,"column":68}},"56":{"start":{"line":88,"column":26},"end":{"line":90,"column":3}},"57":{"start":{"line":89,"column":4},"end":{"line":89,"column":24}},"58":{"start":{"line":92,"column":2},"end":{"line":108,"column":3}},"59":{"start":{"line":96,"column":44},"end":{"line":96,"column":82}}},"fnMap":{"0":{"name":"(anonymous_0)","decl":{"start":{"line":7,"column":16},"end":{"line":7,"column":17}},"loc":{"start":{"line":7,"column":33},"end":{"line":109,"column":1}},"line":7},"1":{"name":"(anonymous_1)","decl":{"start":{"line":15,"column":23},"end":{"line":15,"column":24}},"loc":{"start":{"line":15,"column":33},"end":{"line":21,"column":3}},"line":15},"2":{"name":"(anonymous_2)","decl":{"start":{"line":23,"column":23},"end":{"line":23,"column":24}},"loc":{"start":{"line":23,"column":33},"end":{"line":29,"column":3}},"line":23},"3":{"name":"(anonymous_3)","decl":{"start":{"line":31,"column":22},"end":{"line":31,"column":23}},"loc":{"start":{"line":31,"column":37},"end":{"line":37,"column":3}},"line":31},"4":{"name":"(anonymous_4)","decl":{"start":{"line":32,"column":25},"end":{"line":32,"column":26}},"loc":{"start":{"line":32,"column":30},"end":{"line":36,"column":5}},"line":32},"5":{"name":"(anonymous_5)","decl":{"start":{"line":39,"column":12},"end":{"line":39,"column":13}},"loc":{"start":{"line":39,"column":18},"end":{"line":51,"column":3}},"line":39},"6":{"name":"(anonymous_6)","decl":{"start":{"line":42,"column":14},"end":{"line":42,"column":15}},"loc":{"start":{"line":42,"column":26},"end":{"line":42,"column":66}},"line":42},"7":{"name":"(anonymous_7)","decl":{"start":{"line":43,"column":14},"end":{"line":43,"column":15}},"loc":{"start":{"line":43,"column":32},"end":{"line":43,"column":59}},"line":43},"8":{"name":"(anonymous_8)","decl":{"start":{"line":44,"column":14},"end":{"line":44,"column":15}},"loc":{"start":{"line":44,"column":32},"end":{"line":44,"column":60}},"line":44},"9":{"name":"(anonymous_9)","decl":{"start":{"line":46,"column":15},"end":{"line":46,"column":16}},"loc":{"start":{"line":46,"column":22},"end":{"line":46,"column":81}},"line":46},"10":{"name":"(anonymous_10)","decl":{"start":{"line":53,"column":12},"end":{"line":53,"column":13}},"loc":{"start":{"line":53,"column":18},"end":{"line":56,"column":3}},"line":53},"11":{"name":"(anonymous_11)","decl":{"start":{"line":59,"column":12},"end":{"line":59,"column":13}},"loc":{"start":{"line":59,"column":18},"end":{"line":64,"column":3}},"line":59},"12":{"name":"(anonymous_12)","decl":{"start":{"line":66,"column":12},"end":{"line":66,"column":13}},"loc":{"start":{"line":66,"column":18},"end":{"line":70,"column":3}},"line":66},"13":{"name":"(anonymous_13)","decl":{"start":{"line":72,"column":26},"end":{"line":72,"column":27}},"loc":{"start":{"line":72,"column":32},"end":{"line":86,"column":3}},"line":72},"14":{"name":"(anonymous_14)","decl":{"start":{"line":88,"column":26},"end":{"line":88,"column":27}},"loc":{"start":{"line":88,"column":32},"end":{"line":90,"column":3}},"line":88},"15":{"name":"(anonymous_15)","decl":{"start":{"line":96,"column":30},"end":{"line":96,"column":31}},"loc":{"start":{"line":96,"column":44},"end":{"line":96,"column":82}},"line":96}},"branchMap":{"0":{"loc":{"start":{"line":16,"column":4},"end":{"line":17,"column":16}},"type":"if","locations":[{"start":{"line":16,"column":4},"end":{"line":17,"column":16}},{"start":{},"end":{}}],"line":16},"1":{"loc":{"start":{"line":18,"column":4},"end":{"line":19,"column":15}},"type":"if","locations":[{"start":{"line":18,"column":4},"end":{"line":19,"column":15}},{"start":{},"end":{}}],"line":18},"2":{"loc":{"start":{"line":24,"column":4},"end":{"line":25,"column":16}},"type":"if","locations":[{"start":{"line":24,"column":4},"end":{"line":25,"column":16}},{"start":{},"end":{}}],"line":24},"3":{"loc":{"start":{"line":26,"column":4},"end":{"line":27,"column":15}},"type":"if","locations":[{"start":{"line":26,"column":4},"end":{"line":27,"column":15}},{"start":{},"end":{}}],"line":26},"4":{"loc":{"start":{"line":40,"column":4},"end":{"line":50,"column":24}},"type":"if","locations":[{"start":{"line":40,"column":4},"end":{"line":50,"column":24}},{"start":{"line":47,"column":9},"end":{"line":50,"column":24}}],"line":40},"5":{"loc":{"start":{"line":47,"column":9},"end":{"line":50,"column":24}},"type":"if","locations":[{"start":{"line":47,"column":9},"end":{"line":50,"column":24}},{"start":{"line":50,"column":6},"end":{"line":50,"column":24}}],"line":47},"6":{"loc":{"start":{"line":54,"column":4},"end":{"line":55,"column":78}},"type":"if","locations":[{"start":{"line":54,"column":4},"end":{"line":55,"column":78}},{"start":{},"end":{}}],"line":54},"7":{"loc":{"start":{"line":60,"column":4},"end":{"line":63,"column":55}},"type":"if","locations":[{"start":{"line":60,"column":4},"end":{"line":63,"column":55}},{"start":{"line":62,"column":9},"end":{"line":63,"column":55}}],"line":60},"8":{"loc":{"start":{"line":62,"column":9},"end":{"line":63,"column":55}},"type":"if","locations":[{"start":{"line":62,"column":9},"end":{"line":63,"column":55}},{"start":{},"end":{}}],"line":62},"9":{"loc":{"start":{"line":67,"column":4},"end":{"line":69,"column":5}},"type":"if","locations":[{"start":{"line":67,"column":4},"end":{"line":69,"column":5}},{"start":{},"end":{}}],"line":67},"10":{"loc":{"start":{"line":75,"column":4},"end":{"line":85,"column":5}},"type":"if","locations":[{"start":{"line":75,"column":4},"end":{"line":85,"column":5}},{"start":{"line":78,"column":11},"end":{"line":85,"column":5}}],"line":75},"11":{"loc":{"start":{"line":78,"column":11},"end":{"line":85,"column":5}},"type":"if","locations":[{"start":{"line":78,"column":11},"end":{"line":85,"column":5}},{"start":{"line":81,"column":11},"end":{"line":85,"column":5}}],"line":78},"12":{"loc":{"start":{"line":81,"column":11},"end":{"line":85,"column":5}},"type":"if","locations":[{"start":{"line":81,"column":11},"end":{"line":85,"column":5}},{"start":{"line":83,"column":11},"end":{"line":85,"column":5}}],"line":81},"13":{"loc":{"start":{"line":99,"column":9},"end":{"line":99,"column":131}},"type":"binary-expr","locations":[{"start":{"line":99,"column":9},"end":{"line":99,"column":13}},{"start":{"line":99,"column":17},"end":{"line":99,"column":131}}],"line":99},"14":{"loc":{"start":{"line":106,"column":7},"end":{"line":106,"column":60}},"type":"binary-expr","locations":[{"start":{"line":106,"column":7},"end":{"line":106,"column":17}},{"start":{"line":106,"column":21},"end":{"line":106,"column":60}}],"line":106}},"s":{"0":1,"1":2,"2":2,"3":2,"4":2,"5":2,"6":2,"7":0,"8":0,"9":0,"10":0,"11":0,"12":2,"13":0,"14":0,"15":0,"16":0,"17":0,"18":2,"19":0,"20":0,"21":0,"22":0,"23":2,"24":1,"25":1,"26":0,"27":0,"28":0,"29":0,"30":0,"31":0,"32":0,"33":2,"34":1,"35":0,"36":2,"37":1,"38":1,"39":0,"40":0,"41":2,"42":1,"43":0,"44":2,"45":0,"46":0,"47":0,"48":0,"49":0,"50":0,"51":0,"52":0,"53":0,"54":0,"55":0,"56":2,"57":0,"58":2,"59":0},"f":{"0":2,"1":0,"2":0,"3":0,"4":0,"5":1,"6":0,"7":0,"8":0,"9":0,"10":1,"11":1,"12":1,"13":0,"14":0,"15":0},"b":{"0":[0,0],"1":[0,0],"2":[0,0],"3":[0,0],"4":[1,0],"5":[0,0],"6":[0,1],"7":[1,0],"8":[0,0],"9":[0,1],"10":[0,0],"11":[0,0],"12":[0,0],"13":[2,0],"14":[2,0]},"_coverageSchema":"1a1c01bbd47fc00a2c39e90264f33305004495a9","hash":"3b434b004a4cd95ca0e770b6b8ab2643560977dd"}
,"/Users/jonathonzimdars/Documents/Hack/fec/src/components/ratingsreviews/Characteristic.jsx": {"path":"/Users/jonathonzimdars/Documents/Hack/fec/src/components/ratingsreviews/Characteristic.jsx","statementMap":{"0":{"start":{"line":4,"column":23},"end":{"line":66,"column":1}},"1":{"start":{"line":6,"column":18},"end":{"line":11,"column":3}},"2":{"start":{"line":13,"column":21},"end":{"line":19,"column":3}},"3":{"start":{"line":21,"column":22},"end":{"line":23,"column":3}},"4":{"start":{"line":25,"column":16},"end":{"line":25,"column":20}},"5":{"start":{"line":26,"column":17},"end":{"line":26,"column":21}},"6":{"start":{"line":28,"column":2},"end":{"line":45,"column":3}},"7":{"start":{"line":30,"column":6},"end":{"line":30,"column":25}},"8":{"start":{"line":31,"column":6},"end":{"line":31,"column":24}},"9":{"start":{"line":32,"column":6},"end":{"line":32,"column":12}},"10":{"start":{"line":34,"column":6},"end":{"line":34,"column":24}},"11":{"start":{"line":35,"column":6},"end":{"line":35,"column":24}},"12":{"start":{"line":36,"column":6},"end":{"line":36,"column":12}},"13":{"start":{"line":38,"column":6},"end":{"line":38,"column":23}},"14":{"start":{"line":39,"column":6},"end":{"line":39,"column":29}},"15":{"start":{"line":40,"column":6},"end":{"line":40,"column":12}},"16":{"start":{"line":42,"column":6},"end":{"line":42,"column":23}},"17":{"start":{"line":43,"column":6},"end":{"line":43,"column":29}},"18":{"start":{"line":44,"column":6},"end":{"line":44,"column":12}},"19":{"start":{"line":47,"column":2},"end":{"line":65,"column":3}}},"fnMap":{"0":{"name":"(anonymous_0)","decl":{"start":{"line":4,"column":23},"end":{"line":4,"column":24}},"loc":{"start":{"line":4,"column":68},"end":{"line":66,"column":1}},"line":4}},"branchMap":{"0":{"loc":{"start":{"line":28,"column":2},"end":{"line":45,"column":3}},"type":"switch","locations":[{"start":{"line":29,"column":4},"end":{"line":32,"column":12}},{"start":{"line":33,"column":4},"end":{"line":36,"column":12}},{"start":{"line":37,"column":4},"end":{"line":40,"column":12}},{"start":{"line":41,"column":4},"end":{"line":44,"column":12}}],"line":28}},"s":{"0":1,"1":0,"2":0,"3":0,"4":0,"5":0,"6":0,"7":0,"8":0,"9":0,"10":0,"11":0,"12":0,"13":0,"14":0,"15":0,"16":0,"17":0,"18":0,"19":0},"f":{"0":0},"b":{"0":[0,0,0,0]},"_coverageSchema":"1a1c01bbd47fc00a2c39e90264f33305004495a9","hash":"8b54139daa97400d47d2b736139ba8b6a5f3b940"}
,"/Users/jonathonzimdars/Documents/Hack/fec/src/components/ratingsreviews/CharacteristicInputTable.jsx": {"path":"/Users/jonathonzimdars/Documents/Hack/fec/src/components/ratingsreviews/CharacteristicInputTable.jsx","statementMap":{"0":{"start":{"line":18,"column":23},"end":{"line":49,"column":1}},"1":{"start":{"line":19,"column":40},"end":{"line":19,"column":52}},"2":{"start":{"line":21,"column":25},"end":{"line":22,"column":3}},"3":{"start":{"line":24,"column":2},"end":{"line":48,"column":6}},"4":{"start":{"line":27,"column":6},"end":{"line":45,"column":7}},"5":{"start":{"line":32,"column":14},"end":{"line":41,"column":15}}},"fnMap":{"0":{"name":"(anonymous_0)","decl":{"start":{"line":18,"column":23},"end":{"line":18,"column":24}},"loc":{"start":{"line":18,"column":44},"end":{"line":49,"column":1}},"line":18},"1":{"name":"(anonymous_1)","decl":{"start":{"line":21,"column":25},"end":{"line":21,"column":26}},"loc":{"start":{"line":21,"column":38},"end":{"line":22,"column":3}},"line":21},"2":{"name":"(anonymous_2)","decl":{"start":{"line":26,"column":32},"end":{"line":26,"column":33}},"loc":{"start":{"line":26,"column":43},"end":{"line":45,"column":8}},"line":26},"3":{"name":"(anonymous_3)","decl":{"start":{"line":31,"column":37},"end":{"line":31,"column":38}},"loc":{"start":{"line":31,"column":47},"end":{"line":42,"column":13}},"line":31}},"branchMap":{},"s":{"0":1,"1":0,"2":0,"3":0,"4":0,"5":0},"f":{"0":0,"1":0,"2":0,"3":0},"b":{},"_coverageSchema":"1a1c01bbd47fc00a2c39e90264f33305004495a9","hash":"a20f2ca8018ff4a25a3b87885db4b48a9841a842"}
,"/Users/jonathonzimdars/Documents/Hack/fec/src/components/ratingsreviews/CharacteristicsList.jsx": {"path":"/Users/jonathonzimdars/Documents/Hack/fec/src/components/ratingsreviews/CharacteristicsList.jsx","statementMap":{"0":{"start":{"line":4,"column":28},"end":{"line":19,"column":1}},"1":{"start":{"line":6,"column":2},"end":{"line":18,"column":3}},"2":{"start":{"line":11,"column":8},"end":{"line":15,"column":9}}},"fnMap":{"0":{"name":"(anonymous_0)","decl":{"start":{"line":4,"column":28},"end":{"line":4,"column":29}},"loc":{"start":{"line":4,"column":51},"end":{"line":19,"column":1}},"line":4},"1":{"name":"(anonymous_1)","decl":{"start":{"line":8,"column":40},"end":{"line":8,"column":41}},"loc":{"start":{"line":8,"column":51},"end":{"line":16,"column":7}},"line":8}},"branchMap":{},"s":{"0":1,"1":0,"2":0},"f":{"0":0,"1":0},"b":{},"_coverageSchema":"1a1c01bbd47fc00a2c39e90264f33305004495a9","hash":"be17bf53f295f847772059634c1b517270f9b5a0"}
[...]
umn":3}},"line":14},"2":{"name":"(anonymous_2)","decl":{"start":{"line":18,"column":12},"end":{"line":18,"column":13}},"loc":{"start":{"line":18,"column":21},"end":{"line":21,"column":7}},"line":18},"3":{"name":"(anonymous_3)","decl":{"start":{"line":22,"column":13},"end":{"line":22,"column":14}},"loc":{"start":{"line":22,"column":22},"end":{"line":22,"column":40}},"line":22},"4":{"name":"(anonymous_4)","decl":{"start":{"line":26,"column":12},"end":{"line":26,"column":13}},"loc":{"start":{"line":26,"column":18},"end":{"line":40,"column":3}},"line":26},"5":{"name":"(anonymous_5)","decl":{"start":{"line":28,"column":33},"end":{"line":28,"column":34}},"loc":{"start":{"line":28,"column":43},"end":{"line":35,"column":5}},"line":28},"6":{"name":"(anonymous_6)","decl":{"start":{"line":34,"column":13},"end":{"line":34,"column":14}},"loc":{"start":{"line":34,"column":22},"end":{"line":34,"column":40}},"line":34},"7":{"name":"(anonymous_7)","decl":{"start":{"line":38,"column":10},"end":{"line":38,"column":11}},"loc":{"start":{"line":38,"column":19},"end":{"line":38,"column":39}},"line":38},"8":{"name":"(anonymous_8)","decl":{"start":{"line":39,"column":11},"end":{"line":39,"column":12}},"loc":{"start":{"line":39,"column":20},"end":{"line":39,"column":38}},"line":39}},"branchMap":{"0":{"loc":{"start":{"line":15,"column":13},"end":{"line":15,"column":32}},"type":"binary-expr","locations":[{"start":{"line":15,"column":13},"end":{"line":15,"column":23}},{"start":{"line":15,"column":27},"end":{"line":15,"column":32}}],"line":15},"1":{"loc":{"start":{"line":16,"column":4},"end":{"line":23,"column":5}},"type":"if","locations":[{"start":{"line":16,"column":4},"end":{"line":23,"column":5}},{"start":{},"end":{}}],"line":16},"2":{"loc":{"start":{"line":45,"column":7},"end":{"line":45,"column":160}},"type":"binary-expr","locations":[{"start":{"line":45,"column":7},"end":{"line":45,"column":16}},{"start":{"line":45,"column":20},"end":{"line":45,"column":160}}],"line":45}},"s":{"0":1,"1":1,"2":1,"3":1,"4":1,"5":1,"6":1,"7":0,"8":0,"9":0,"10":0,"11":0,"12":1,"13":0,"14":0,"15":0,"16":0,"17":0,"18":0,"19":1},"f":{"0":1,"1":1,"2":0,"3":0,"4":0,"5":0,"6":0,"7":0,"8":0},"b":{"0":[1,0],"1":[0,0],"2":[1,0]},"_coverageSchema":"1a1c01bbd47fc00a2c39e90264f33305004495a9","hash":"c6c2d8c34acfe4464dc222d0d4bcac6849768d02"}
,"/Users/jonathonzimdars/Documents/Hack/fec/src/components/relatedcompare/RelatedProducts.jsx": {"path":"/Users/jonathonzimdars/Documents/Hack/fec/src/components/relatedcompare/RelatedProducts.jsx","statementMap":{"0":{"start":{"line":6,"column":24},"end":{"line":59,"column":1}},"1":{"start":{"line":7,"column":42},"end":{"line":7,"column":53}},"2":{"start":{"line":8,"column":38},"end":{"line":8,"column":50}},"3":{"start":{"line":9,"column":17},"end":{"line":9,"column":34}},"4":{"start":{"line":11,"column":2},"end":{"line":15,"column":18}},"5":{"start":{"line":12,"column":4},"end":{"line":14,"column":5}},"6":{"start":{"line":13,"column":6},"end":{"line":13,"column":31}},"7":{"start":{"line":17,"column":20},"end":{"line":22,"column":3}},"8":{"start":{"line":18,"column":4},"end":{"line":18,"column":23}},"9":{"start":{"line":19,"column":4},"end":{"line":21,"column":5}},"10":{"start":{"line":20,"column":6},"end":{"line":20,"column":40}},"11":{"start":{"line":24,"column":20},"end":{"line":29,"column":3}},"12":{"start":{"line":25,"column":4},"end":{"line":25,"column":23}},"13":{"start":{"line":26,"column":4},"end":{"line":28,"column":5}},"14":{"start":{"line":27,"column":6},"end":{"line":27,"column":40}},"15":{"start":{"line":31,"column":2},"end":{"line":33,"column":3}},"16":{"start":{"line":32,"column":4},"end":{"line":32,"column":16}},"17":{"start":{"line":35,"column":20},"end":{"line":38,"column":3}},"18":{"start":{"line":36,"column":24},"end":{"line":36,"column":72}},"19":{"start":{"line":37,"column":4},"end":{"line":37,"column":25}},"20":{"start":{"line":40,"column":17},"end":{"line":40,"column":28}},"21":{"start":{"line":42,"column":2},"end":{"line":58,"column":3}},"22":{"start":{"line":53,"column":12},"end":{"line":53,"column":213}}},"fnMap":{"0":{"name":"(anonymous_0)","decl":{"start":{"line":6,"column":24},"end":{"line":6,"column":25}},"loc":{"start":{"line":6,"column":103},"end":{"line":59,"column":1}},"line":6},"1":{"name":"(anonymous_1)","decl":{"start":{"line":11,"column":12},"end":{"line":11,"column":13}},"loc":{"start":{"line":11,"column":18},"end":{"line":15,"column":3}},"line":11},"2":{"name":"(anonymous_2)","decl":{"start":{"line":17,"column":20},"end":{"line":17,"column":21}},"loc":{"start":{"line":17,"column":27},"end":{"line":22,"column":3}},"line":17},"3":{"name":"(anonymous_3)","decl":{"start":{"line":24,"column":20},"end":{"line":24,"column":21}},"loc":{"start":{"line":24,"column":27},"end":{"line":29,"column":3}},"line":24},"4":{"name":"(anonymous_4)","decl":{"start":{"line":35,"column":20},"end":{"line":35,"column":21}},"loc":{"start":{"line":35,"column":26},"end":{"line":38,"column":3}},"line":35},"5":{"name":"(anonymous_5)","decl":{"start":{"line":52,"column":22},"end":{"line":52,"column":23}},"loc":{"start":{"line":53,"column":12},"end":{"line":53,"column":213}},"line":53}},"branchMap":{"0":{"loc":{"start":{"line":12,"column":4},"end":{"line":14,"column":5}},"type":"if","locations":[{"start":{"line":12,"column":4},"end":{"line":14,"column":5}},{"start":{},"end":{}}],"line":12},"1":{"loc":{"start":{"line":19,"column":4},"end":{"line":21,"column":5}},"type":"if","locations":[{"start":{"line":19,"column":4},"end":{"line":21,"column":5}},{"start":{},"end":{}}],"line":19},"2":{"loc":{"start":{"line":19,"column":8},"end":{"line":19,"column":54}},"type":"binary-expr","locations":[{"start":{"line":19,"column":8},"end":{"line":19,"column":25}},{"start":{"line":19,"column":29},"end":{"line":19,"column":54}}],"line":19},"3":{"loc":{"start":{"line":26,"column":4},"end":{"line":28,"column":5}},"type":"if","locations":[{"start":{"line":26,"column":4},"end":{"line":28,"column":5}},{"start":{},"end":{}}],"line":26},"4":{"loc":{"start":{"line":26,"column":8},"end":{"line":26,"column":49}},"type":"binary-expr","locations":[{"start":{"line":26,"column":8},"end":{"line":26,"column":24}},{"start":{"line":26,"column":28},"end":{"line":26,"column":49}}],"line":26},"5":{"loc":{"start":{"line":31,"column":2},"end":{"line":33,"column":3}},"type":"if","locations":[{"start":{"line":31,"column":2},"end":{"line":33,"column":3}},{"start":{},"end":{}}],"line":31},"6":{"loc":{"start":{"line":31,"column":6},"end":{"line":31,"column":58}},"type":"binary-expr","locations":[{"start":{"line":31,"column":6},"end":{"line":31,"column":32}},{"start":{"line":31,"column":36},"end":{"line":31,"column":58}}],"line":31},"7":{"loc":{"start":{"line":46,"column":11},"end":{"line":47,"column":138}},"type":"binary-expr","locations":[{"start":{"line":46,"column":11},"end":{"line":46,"column":27}},{"start":{"line":47,"column":12},"end":{"line":47,"column":138}}],"line":46},"8":{"loc":{"start":{"line":49,"column":11},"end":{"line":50,"column":145}},"type":"binary-expr","locations":[{"start":{"line":49,"column":11},"end":{"line":49,"column":36}},{"start":{"line":50,"column":12},"end":{"line":50,"column":145}}],"line":49}},"s":{"0":1,"1":1,"2":1,"3":1,"4":1,"5":1,"6":1,"7":1,"8":0,"9":0,"10":0,"11":1,"12":0,"13":0,"14":0,"15":1,"16":1,"17":0,"18":0,"19":0,"20":0,"21":0,"22":0},"f":{"0":1,"1":1,"2":0,"3":0,"4":0,"5":0},"b":{"0":[1,0],"1":[0,0],"2":[0,0],"3":[0,0],"4":[0,0],"5":[1,0],"6":[1,1],"7":[0,0],"8":[0,0]},"_coverageSchema":"1a1c01bbd47fc00a2c39e90264f33305004495a9","hash":"04221e5f52e4c0fce5ea7548d52f7e2593f34e9b"}
,"/Users/jonathonzimdars/Documents/Hack/fec/src/components/relatedcompare/RelatedProductsCard.jsx": {"path":"/Users/jonathonzimdars/Documents/Hack/fec/src/components/relatedcompare/RelatedProductsCard.jsx","statementMap":{"0":{"start":{"line":5,"column":28},"end":{"line":41,"column":1}},"1":{"start":{"line":8,"column":17},"end":{"line":8,"column":34}},"2":{"start":{"line":9,"column":13},"end":{"line":9,"column":26}},"3":{"start":{"line":10,"column":14},"end":{"line":10,"column":113}},"4":{"start":{"line":11,"column":19},"end":{"line":11,"column":55}},"5":{"start":{"line":12,"column":23},"end":{"line":12,"column":63}},"6":{"start":{"line":14,"column":23},"end":{"line":18,"column":3}},"7":{"start":{"line":15,"column":4},"end":{"line":15,"column":23}},"8":{"start":{"line":16,"column":4},"end":{"line":16,"column":61}},"9":{"start":{"line":17,"column":4},"end":{"line":17,"column":23}},"10":{"start":{"line":20,"column":23},"end":{"line":25,"column":3}},"11":{"start":{"line":21,"column":4},"end":{"line":21,"column":23}},"12":{"start":{"line":22,"column":4},"end":{"line":22,"column":28}},"13":{"start":{"line":23,"column":4},"end":{"line":23,"column":64}},"14":{"start":{"line":24,"column":4},"end":{"line":24,"column":43}},"15":{"start":{"line":27,"column":2},"end":{"line":40,"column":3}}},"fnMap":{"0":{"name":"(anonymous_0)","decl":{"start":{"line":5,"column":28},"end":{"line":5,"column":29}},"loc":{"start":{"line":5,"column":119},"end":{"line":41,"column":1}},"line":5},"1":{"name":"(anonymous_1)","decl":{"start":{"line":14,"column":23},"end":{"line":14,"column":24}},"loc":{"start":{"line":14,"column":30},"end":{"line":18,"column":3}},"line":14},"2":{"name":"(anonymous_2)","decl":{"start":{"line":20,"column":23},"end":{"line":20,"column":24}},"loc":{"start":{"line":20,"column":30},"end":{"line":25,"column":3}},"line":20}},"branchMap":{"0":{"loc":{"start":{"line":10,"column":14},"end":{"line":10,"column":113}},"type":"binary-expr","locations":[{"start":{"line":10,"column":14},"end":{"line":10,"column":57}},{"start":{"line":10,"column":61},"end":{"line":10,"column":113}}],"line":10}},"s":{"0":1,"1":0,"2":0,"3":0,"4":0,"5":0,"6":0,"7":0,"8":0,"9":0,"10":0,"11":0,"12":0,"13":0,"14":0,"15":0},"f":{"0":0,"1":0,"2":0},"b":{"0":[0,0]},"_coverageSchema":"1a1c01bbd47fc00a2c39e90264f33305004495a9","hash":"2a38c90f4423366c41c074e15a0fe5e402e7dd5e"}
,"/Users/jonathonzimdars/Documents/Hack/fec/src/components/relatedcompare/YourOutfit.jsx": {"path":"/Users/jonathonzimdars/Documents/Hack/fec/src/components/relatedcompare/YourOutfit.jsx","statementMap":{"0":{"start":{"line":6,"column":19},"end":{"line":12,"column":1}},"1":{"start":{"line":15,"column":19},"end":{"line":61,"column":1}},"2":{"start":{"line":16,"column":42},"end":{"line":16,"column":53}},"3":{"start":{"line":17,"column":17},"end":{"line":17,"column":34}},"4":{"start":{"line":19,"column":20},"end":{"line":24,"column":3}},"5":{"start":{"line":20,"column":4},"end":{"line":20,"column":23}},"6":{"start":{"line":21,"column":4},"end":{"line":23,"column":5}},"7":{"start":{"line":22,"column":6},"end":{"line":22,"column":40}},"8":{"start":{"line":26,"column":20},"end":{"line":31,"column":3}},"9":{"start":{"line":27,"column":4},"end":{"line":27,"column":23}},"10":{"start":{"line":28,"column":4},"end":{"line":30,"column":5}},"11":{"start":{"line":29,"column":6},"end":{"line":29,"column":40}},"12":{"start":{"line":33,"column":2},"end":{"line":35,"column":3}},"13":{"start":{"line":34,"column":4},"end":{"line":34,"column":16}},"14":{"start":{"line":37,"column":20},"end":{"line":40,"column":3}},"15":{"start":{"line":38,"column":24},"end":{"line":38,"column":72}},"16":{"start":{"line":39,"column":4},"end":{"line":39,"column":25}},"17":{"start":{"line":42,"column":17},"end":{"line":42,"column":28}},"18":{"start":{"line":44,"column":2},"end":{"line":60,"column":3}},"19":{"start":{"line":55,"column":12},"end":{"line":55,"column":56}}},"fnMap":{"0":{"name":"(anonymous_0)","decl":{"start":{"line":15,"column":19},"end":{"line":15,"column":20}},"loc":{"start":{"line":15,"column":39},"end":{"line":61,"column":1}},"line":15},"1":{"name":"(anonymous_1)","decl":{"start":{"line":19,"column":20},"end":{"line":19,"column":21}},"loc":{"start":{"line":19,"column":27},"end":{"line":24,"column":3}},"line":19},"2":{"name":"(anonymous_2)","decl":{"start":{"line":26,"column":20},"end":{"line":26,"column":21}},"loc":{"start":{"line":26,"column":27},"end":{"line":31,"column":3}},"line":26},"3":{"name":"(anonymous_3)","decl":{"start":{"line":37,"column":20},"end":{"line":37,"column":21}},"loc":{"start":{"line":37,"column":26},"end":{"line":40,"column":3}},"line":37},"4":{"name":"(anonymous_4)","decl":{"start":{"line":54,"column":22},"end":{"line":54,"column":23}},"loc":{"start":{"line":55,"column":12},"end":{"line":55,"column":56}},"line":55}},"branchMap":{"0":{"loc":{"start":{"line":21,"column":4},"end":{"line":23,"column":5}},"type":"if","locations":[{"start":{"line":21,"column":4},"end":{"line":23,"column":5}},{"start":{},"end":{}}],"line":21},"1":{"loc":{"start":{"line":21,"column":8},"end":{"line":21,"column":54}},"type":"binary-expr","locations":[{"start":{"line":21,"column":8},"end":{"line":21,"column":25}},{"start":{"line":21,"column":29},"end":{"line":21,"column":54}}],"line":21},"2":{"loc":{"start":{"line":28,"column":4},"end":{"line":30,"column":5}},"type":"if","locations":[{"start":{"line":28,"column":4},"end":{"line":30,"column":5}},{"start":{},"end":{}}],"line":28},"3":{"loc":{"start":{"line":28,"column":8},"end":{"line":28,"column":49}},"type":"binary-expr","locations":[{"start":{"line":28,"column":8},"end":{"line":28,"column":24}},{"start":{"line":28,"column":28},"end":{"line":28,"column":49}}],"line":28},"4":{"loc":{"start":{"line":33,"column":2},"end":{"line":35,"column":3}},"type":"if","locations":[{"start":{"line":33,"column":2},"end":{"line":35,"column":3}},{"start":{},"end":{}}],"line":33},"5":{"loc":{"start":{"line":33,"column":6},"end":{"line":33,"column":58}},"type":"binary-expr","locations":[{"start":{"line":33,"column":6},"end":{"line":33,"column":32}},{"start":{"line":33,"column":36},"end":{"line":33,"column":58}}],"line":33},"6":{"loc":{"start":{"line":48,"column":11},"end":{"line":49,"column":138}},"type":"binary-expr","locations":[{"start":{"line":48,"column":11},"end":{"line":48,"column":27}},{"start":{"line":49,"column":12},"end":{"line":49,"column":138}}],"line":48},"7":{"loc":{"start":{"line":51,"column":11},"end":{"line":52,"column":145}},"type":"binary-expr","locations":[{"start":{"line":51,"column":11},"end":{"line":51,"column":36}},{"start":{"line":52,"column":12},"end":{"line":52,"column":145}}],"line":51}},"s":{"0":1,"1":1,"2":1,"3":1,"4":1,"5":0,"6":0,"7":0,"8":1,"9":0,"10":0,"11":0,"12":1,"13":0,"14":1,"15":1,"16":1,"17":1,"18":1,"19":4},"f":{"0":1,"1":0,"2":0,"3":1,"4":4},"b":{"0":[0,0],"1":[0,0],"2":[0,0],"3":[0,0],"4":[0,1],"5":[1,1],"6":[1,0],"7":[1,1]},"_coverageSchema":"1a1c01bbd47fc00a2c39e90264f33305004495a9","hash":"7bde27907b7c44e382fbcc6d8930c46c64d79677"}
,"/Users/jonathonzimdars/Documents/Hack/fec/src/components/relatedcompare/YourOutfitCard.jsx": {"path":"/Users/jonathonzimdars/Documents/Hack/fec/src/components/relatedcompare/YourOutfitCard.jsx","statementMap":{"0":{"start":{"line":5,"column":23},"end":{"line":22,"column":1}},"1":{"start":{"line":8,"column":2},"end":{"line":21,"column":3}}},"fnMap":{"0":{"name":"(anonymous_0)","decl":{"start":{"line":5,"column":23},"end":{"line":5,"column":24}},"loc":{"start":{"line":5,"column":36},"end":{"line":22,"column":1}},"line":5}},"branchMap":{},"s":{"0":1,"1":4},"f":{"0":4},"b":{},"_coverageSchema":"1a1c01bbd47fc00a2c39e90264f33305004495a9","hash":"5474bd3d169f6b9c109eda437fb8d66cff9be9e1"}
,"/Users/jonathonzimdars/Documents/Hack/fec/src/components/shared/Stars.jsx": {"path":"/Users/jonathonzimdars/Documents/Hack/fec/src/components/shared/Stars.jsx","statementMap":{"0":{"start":{"line":5,"column":14},"end":{"line":33,"column":1}},"1":{"start":{"line":9,"column":30},"end":{"line":13,"column":3}},"2":{"start":{"line":12,"column":4},"end":{"line":12,"column":53}},"3":{"start":{"line":15,"column":19},"end":{"line":15,"column":47}},"4":{"start":{"line":18,"column":2},"end":{"line":32,"column":3}},"5":{"start":{"line":22,"column":10},"end":{"line":28,"column":11}},"6":{"start":{"line":23,"column":12},"end":{"line":23,"column":70}},"7":{"start":{"line":24,"column":17},"end":{"line":28,"column":11}},"8":{"start":{"line":25,"column":12},"end":{"line":25,"column":70}},"9":{"start":{"line":27,"column":12},"end":{"line":27,"column":66}}},"fnMap":{"0":{"name":"(anonymous_0)","decl":{"start":{"line":5,"column":14},"end":{"line":5,"column":15}},"loc":{"start":{"line":5,"column":33},"end":{"line":33,"column":1}},"line":5},"1":{"name":"(anonymous_1)","decl":{"start":{"line":9,"column":30},"end":{"line":9,"column":31}},"loc":{"start":{"line":9,"column":43},"end":{"line":13,"column":3}},"line":9},"2":{"name":"(anonymous_2)","decl":{"start":{"line":20,"column":34},"end":{"line":20,"column":35}},"loc":{"start":{"line":20,"column":44},"end":{"line":29,"column":9}},"line":20}},"branchMap":{"0":{"loc":{"start":{"line":22,"column":10},"end":{"line":28,"column":11}},"type":"if","locations":[{"start":{"line":22,"column":10},"end":{"line":28,"column":11}},{"start":{"line":24,"column":17},"end":{"line":28,"column":11}}],"line":22},"1":{"loc":{"start":{"line":24,"column":17},"end":{"line":28,"column":11}},"type":"if","locations":[{"start":{"line":24,"column":17},"end":{"line":28,"column":11}},{"start":{"line":26,"column":17},"end":{"line":28,"column":11}}],"line":24},"2":{"loc":{"start":{"line":24,"column":21},"end":{"line":24,"column":61}},"type":"binary-expr","locations":[{"start":{"line":24,"column":21},"end":{"line":24,"column":39}},{"start":{"line":24,"column":43},"end":{"line":24,"column":61}}],"line":24}},"s":{"0":1,"1":99,"2":99,"3":99,"4":99,"5":495,"6":297,"7":198,"8":99,"9":99},"f":{"0":99,"1":99,"2":495},"b":{"0":[297,198],"1":[99,99],"2":[198,99]},"_coverageSchema":"1a1c01bbd47fc00a2c39e90264f33305004495a9","hash":"e165f351701c904dab2115aa7845e5f0b7e1f507"}
,"/Users/jonathonzimdars/Documents/Hack/fec/src/helper/averageRating.js": {"path":"/Users/jonathonzimdars/Documents/Hack/fec/src/helper/averageRating.js","statementMap":{"0":{"start":{"line":1,"column":22},"end":{"line":11,"column":1}},"1":{"start":{"line":2,"column":20},"end":{"line":2,"column":21}},"2":{"start":{"line":3,"column":19},"end":{"line":3,"column":20}},"3":{"start":{"line":4,"column":2},"end":{"line":9,"column":4}},"4":{"start":{"line":5,"column":16},"end":{"line":5,"column":38}},"5":{"start":{"line":6,"column":4},"end":{"line":6,"column":26}},"6":{"start":{"line":7,"column":4},"end":{"line":7,"column":32}},"7":{"start":{"line":8,"column":4},"end":{"line":8,"column":25}},"8":{"start":{"line":10,"column":2},"end":{"line":10,"column":32}}},"fnMap":{"0":{"name":"(anonymous_0)","decl":{"start":{"line":1,"column":22},"end":{"line":1,"column":23}},"loc":{"start":{"line":1,"column":35},"end":{"line":11,"column":1}},"line":1},"1":{"name":"(anonymous_1)","decl":{"start":{"line":4,"column":31},"end":{"line":4,"column":32}},"loc":{"start":{"line":4,"column":40},"end":{"line":9,"column":3}},"line":4}},"branchMap":{},"s":{"0":1,"1":99,"2":99,"3":99,"4":396,"5":396,"6":396,"7":396,"8":99},"f":{"0":99,"1":396},"b":{},"_coverageSchema":"1a1c01bbd47fc00a2c39e90264f33305004495a9","hash":"07def7275f59efae92b35433e8498dd5cd172003"}
,"/Users/jonathonzimdars/Documents/Hack/fec/src/helper/totalReviews.js": {"path":"/Users/jonathonzimdars/Documents/Hack/fec/src/helper/totalReviews.js","statementMap":{"0":{"start":{"line":1,"column":21},"end":{"line":3,"column":1}},"1":{"start":{"line":2,"column":2},"end":{"line":2,"column":82}},"2":{"start":{"line":2,"column":51},"end":{"line":2,"column":77}}},"fnMap":{"0":{"name":"(anonymous_0)","decl":{"start":{"line":1,"column":21},"end":{"line":1,"column":22}},"loc":{"start":{"line":1,"column":34},"end":{"line":3,"column":1}},"line":1},"1":{"name":"(anonymous_1)","decl":{"start":{"line":2,"column":37},"end":{"line":2,"column":38}},"loc":{"start":{"line":2,"column":51},"end":{"line":2,"column":77}},"line":2}},"branchMap":{},"s":{"0":2,"1":48,"2":192},"f":{"0":48,"1":192},"b":{},"_coverageSchema":"1a1c01bbd47fc00a2c39e90264f33305004495a9","hash":"a7ae88b0cb2420a788a2f83d6eb107676544a624"}
}
