TN:
SF:server/api.js
FN:7,(anonymous_0)
FN:9,(anonymous_1)
FN:12,(anonymous_2)
FN:14,(anonymous_3)
FN:17,(anonymous_4)
FN:29,(anonymous_5)
FN:31,(anonymous_6)
FN:34,(anonymous_7)
FN:36,(anonymous_8)
FN:39,(anonymous_9)
FN:41,(anonymous_10)
FN:44,(anonymous_11)
FN:53,(anonymous_12)
FN:56,(anonymous_13)
FN:61,(anonymous_14)
FNF:15
FNH:11
FNDA:1,(anonymous_0)
FNDA:1,(anonymous_1)
FNDA:1,(anonymous_2)
FNDA:1,(anonymous_3)
FNDA:1,(anonymous_4)
FNDA:1,(anonymous_5)
FNDA:1,(anonymous_6)
FNDA:0,(anonymous_7)
FNDA:0,(anonymous_8)
FNDA:1,(anonymous_9)
FNDA:1,(anonymous_10)
FNDA:1,(anonymous_11)
FNDA:0,(anonymous_12)
FNDA:0,(anonymous_13)
FNDA:34,(anonymous_14)
DA:4,5
DA:6,5
DA:7,5
DA:8,1
DA:9,1
DA:12,5
DA:13,1
DA:14,1
DA:17,5
DA:19,1
DA:29,5
DA:30,1
DA:31,1
DA:34,5
DA:35,0
DA:36,0
DA:39,5
DA:40,1
DA:41,1
DA:44,5
DA:45,1
DA:54,0
DA:57,0
DA:61,5
DA:62,34
DA:63,34
DA:64,34
DA:66,34
DA:67,13
DA:70,34
DA:72,34
DA:73,13
DA:76,34
DA:82,34
LF:34
LH:30
BRDA:66,0,0,13
BRDA:66,0,1,21
BRDA:72,1,0,13
BRDA:72,1,1,21
BRF:4
BRH:4
end_of_record
TN:
SF:server/config.js
FNF:0
FNH:0
DA:1,5
LF:1
LH:1
BRF:0
BRH:0
end_of_record
TN:
SF:src/components/overview/Cart.jsx
FN:8,(anonymous_0)
FN:15,(anonymous_1)
FN:18,(anonymous_2)
FN:35,(anonymous_3)
FN:51,(anonymous_4)
FN:65,(anonymous_5)
FN:70,(anonymous_6)
FN:76,(anonymous_7)
FN:79,(anonymous_8)
FN:86,(anonymous_9)
FNF:10
FNH:6
FNDA:101,(anonymous_0)
FNDA:49,(anonymous_1)
FNDA:294,(anonymous_2)
FNDA:0,(anonymous_3)
FNDA:1,(anonymous_4)
FNDA:0,(anonymous_5)
FNDA:336,(anonymous_6)
FNDA:0,(anonymous_7)
FNDA:0,(anonymous_8)
FNDA:1,(anonymous_9)
DA:5,1
DA:8,1
DA:9,101
DA:10,101
DA:11,101
DA:12,101
DA:13,101
DA:15,101
DA:16,49
DA:17,49
DA:18,49
DA:19,294
DA:20,294
DA:21,294
DA:22,294
DA:23,294
DA:24,294
DA:28,49
DA:29,49
DA:30,49
DA:31,49
DA:32,49
DA:35,101
DA:36,0
DA:37,0
DA:38,0
DA:39,0
DA:40,0
DA:41,0
DA:44,0
DA:45,0
DA:48,0
DA:51,101
DA:52,1
DA:53,1
DA:55,0
DA:56,0
DA:57,0
DA:61,101
DA:66,0
DA:67,0
DA:71,336
DA:77,0
DA:80,0
DA:87,1
DA:88,1
LF:46
LH:30
BRDA:17,0,0,49
BRDA:17,0,1,0
BRDA:17,1,0,49
BRDA:17,1,1,49
BRDA:19,2,0,294
BRDA:19,2,1,0
BRDA:39,3,0,0
BRDA:39,3,1,0
BRDA:52,4,0,1
BRDA:52,4,1,0
BRDA:64,5,0,45
BRDA:64,5,1,56
BRDA:75,6,0,101
BRDA:75,6,1,0
BRF:14
BRH:8
end_of_record
TN:
SF:src/components/overview/Details.jsx
FN:5,(anonymous_0)
FN:8,(anonymous_1)
FN:19,(anonymous_2)
FNF:3
FNH:2
FNDA:98,(anonymous_0)
FNDA:44,(anonymous_1)
FNDA:0,(anonymous_2)
DA:3,1
DA:5,1
DA:6,98
DA:8,98
DA:9,44
DA:12,98
DA:20,0
LF:7
LH:6
BRDA:14,0,0,98
BRDA:14,0,1,0
BRDA:14,1,0,98
BRDA:14,1,1,0
BRDA:19,2,0,98
BRDA:19,2,1,44
BRF:6
BRH:4
end_of_record
TN:
SF:src/components/overview/Expanded.jsx
FN:10,(anonymous_0)
FN:15,(anonymous_1)
FN:19,(anonymous_2)
FN:26,(anonymous_3)
FN:36,(anonymous_4)
FN:40,(anonymous_5)
FN:49,(anonymous_6)
FN:53,(anonymous_7)
FNF:8
FNH:7
FNDA:25,(anonymous_0)
FNDA:11,(anonymous_1)
FNDA:2,(anonymous_2)
FNDA:1,(anonymous_3)
FNDA:2,(anonymous_4)
FNDA:0,(anonymous_5)
FNDA:200,(anonymous_6)
FNDA:1,(anonymous_7)
DA:8,1
DA:10,1
DA:11,25
DA:12,25
DA:15,25
DA:16,11
DA:19,25
DA:20,2
DA:21,2
DA:22,2
DA:26,25
DA:27,1
DA:28,1
DA:29,1
DA:33,25
DA:37,2
DA:38,2
DA:40,0
DA:50,200
DA:51,25
DA:53,175
DA:54,1
LF:22
LH:21
BRDA:20,0,0,2
BRDA:20,0,1,0
BRDA:27,1,0,1
BRDA:27,1,1,0
BRDA:42,2,0,25
BRDA:42,2,1,6
BRDA:43,3,0,25
BRDA:43,3,1,6
BRDA:45,4,0,25
BRDA:45,4,1,25
BRDA:46,5,0,25
BRDA:46,5,1,25
BRDA:50,6,0,25
BRDA:50,6,1,175
BRDA:58,7,0,25
BRDA:58,7,1,2
BRF:16
BRH:14
end_of_record
TN:
SF:src/components/overview/ImageCarousel.jsx
FN:6,(anonymous_0)
FN:12,(anonymous_1)
FN:14,(anonymous_2)
FN:27,(anonymous_3)
FN:39,(anonymous_4)
FN:44,(anonymous_5)
FN:53,(anonymous_6)
FN:55,(anonymous_7)
FNF:8
FNH:8
FNDA:109,(anonymous_0)
FNDA:44,(anonymous_1)
FNDA:172,(anonymous_2)
FNDA:58,(anonymous_3)
FNDA:4,(anonymous_4)
FNDA:1,(anonymous_5)
FNDA:459,(anonymous_6)
FNDA:1,(anonymous_7)
DA:4,1
DA:6,1
DA:7,109
DA:8,109
DA:9,109
DA:10,109
DA:12,109
DA:13,44
DA:14,172
DA:15,44
DA:16,44
DA:17,25
DA:18,25
DA:19,25
DA:21,19
DA:22,19
DA:27,109
DA:28,58
DA:29,16
DA:30,16
DA:31,16
DA:32,1
DA:33,15
DA:34,0
DA:39,109
DA:40,4
DA:41,4
DA:44,109
DA:45,1
DA:46,1
DA:49,109
DA:54,459
DA:56,1
DA:57,1
LF:34
LH:33
BRDA:16,0,0,25
BRDA:16,0,1,19
BRDA:28,1,0,16
BRDA:28,1,1,42
BRDA:31,2,0,1
BRDA:31,2,1,15
BRDA:33,3,0,0
BRDA:33,3,1,15
BRDA:52,4,0,109
BRDA:52,4,1,4
BRDA:55,5,0,63
BRDA:55,5,1,396
BRDA:61,6,0,109
BRDA:61,6,1,57
BRF:14
BRH:13
end_of_record
TN:
SF:src/components/overview/ImageView.jsx
FN:10,(anonymous_0)
FN:16,(anonymous_1)
FN:19,(anonymous_2)
FN:40,(anonymous_3)
FN:47,(anonymous_4)
FN:69,(anonymous_5)
FN:74,(anonymous_6)
FNF:7
FNH:7
FNDA:81,(anonymous_0)
FNDA:23,(anonymous_1)
FNDA:172,(anonymous_2)
FNDA:10,(anonymous_3)
FNDA:1,(anonymous_4)
FNDA:7,(anonymous_5)
FNDA:466,(anonymous_6)
DA:8,1
DA:10,1
DA:11,81
DA:12,81
DA:13,81
DA:14,81
DA:16,81
DA:17,23
DA:18,23
DA:19,23
DA:20,172
DA:26,23
DA:28,23
DA:29,0
DA:30,0
DA:31,23
DA:32,21
DA:33,21
DA:35,2
DA:40,81
DA:41,10
DA:42,10
DA:43,10
DA:47,81
DA:48,1
DA:49,1
DA:50,1
DA:54,81
DA:69,7
DA:75,466
DA:76,60
DA:78,406
LF:32
LH:30
BRDA:17,0,0,23
BRDA:17,0,1,0
BRDA:28,1,0,0
BRDA:28,1,1,23
BRDA:31,2,0,21
BRDA:31,2,1,2
BRDA:41,3,0,10
BRDA:41,3,1,0
BRDA:48,4,0,1
BRDA:48,4,1,0
BRDA:62,5,0,81
BRDA:62,5,1,40
BRDA:63,6,0,81
BRDA:63,6,1,40
BRDA:65,7,0,81
BRDA:65,7,1,59
BRDA:66,8,0,81
BRDA:66,8,1,59
BRDA:68,9,0,81
BRDA:68,9,1,81
BRDA:75,10,0,60
BRDA:75,10,1,406
BRDA:82,11,0,81
BRDA:82,11,1,22
BRF:24
BRH:20
end_of_record
TN:
SF:src/components/overview/Overview.jsx
FN:12,(anonymous_0)
FN:17,(anonymous_1)
FN:23,(anonymous_2)
FN:29,(anonymous_3)
FN:33,(anonymous_4)
FN:39,(anonymous_5)
FNF:6
FNH:6
FNDA:47,(anonymous_0)
FNDA:21,(anonymous_1)
FNDA:23,(anonymous_2)
FNDA:21,(anonymous_3)
FNDA:1,(anonymous_4)
FNDA:33,(anonymous_5)
DA:10,1
DA:12,1
DA:13,47
DA:14,47
DA:15,47
DA:17,47
DA:18,21
DA:19,21
DA:23,47
DA:24,23
DA:25,23
DA:29,47
DA:30,21
DA:33,47
DA:34,1
DA:37,47
DA:39,33
LF:17
LH:17
BRDA:18,0,0,21
BRDA:18,0,1,0
BRDA:24,1,0,23
BRDA:24,1,1,0
BRDA:40,2,0,1
BRDA:40,2,1,46
BRDA:43,3,0,1
BRDA:43,3,1,46
BRF:8
BRH:6
end_of_record
TN:
SF:src/components/overview/ProductInfo.jsx
FN:11,(anonymous_0)
FN:17,(anonymous_1)
FN:27,(anonymous_2)
FNF:3
FNH:3
FNDA:146,(anonymous_0)
FNDA:93,(anonymous_1)
FNDA:47,(anonymous_2)
DA:9,1
DA:11,1
DA:12,146
DA:13,146
DA:14,146
DA:17,146
DA:18,93
DA:19,93
DA:20,3
DA:22,90
DA:27,146
DA:28,47
DA:29,47
DA:33,146
LF:14
LH:14
BRDA:19,0,0,3
BRDA:19,0,1,90
BRDA:19,1,0,93
BRDA:19,1,1,93
BRDA:28,2,0,47
BRDA:28,2,1,0
BRDA:38,3,0,146
BRDA:38,3,1,99
BRDA:41,4,0,146
BRDA:41,4,1,143
BRDA:42,5,0,146
BRDA:42,5,1,3
BRF:12
BRH:11
end_of_record
TN:
SF:src/components/overview/Social.jsx
FN:3,(anonymous_0)
FNF:1
FNH:1
FNDA:193,(anonymous_0)
DA:3,1
DA:5,193
LF:2
LH:2
BRF:0
BRH:0
end_of_record
TN:
SF:src/components/overview/Styles.jsx
FN:3,(anonymous_0)
FN:9,(anonymous_1)
FN:10,(anonymous_2)
FNF:3
FNH:3
FNDA:99,(anonymous_0)
FNDA:594,(anonymous_1)
FNDA:5,(anonymous_2)
DA:3,1
DA:5,99
DA:10,594
DA:11,5
DA:12,5
LF:5
LH:5
BRDA:7,0,0,99
BRDA:7,0,1,98
BRDA:11,1,0,5
BRDA:11,1,1,0
BRDA:15,2,0,594
BRDA:15,2,1,98
BRF:6
BRH:5
end_of_record
TN:
SF:src/components/overview/Zoom.jsx
FN:5,(anonymous_0)
FN:13,(anonymous_1)
FN:17,(anonymous_2)
FN:34,(anonymous_3)
FNF:4
FNH:4
FNDA:4,(anonymous_0)
FNDA:2,(anonymous_1)
FNDA:2,(anonymous_2)
FNDA:1,(anonymous_3)
DA:3,1
DA:5,1
DA:6,4
DA:7,4
DA:8,4
DA:10,4
DA:11,4
DA:13,4
DA:14,2
DA:17,4
DA:18,2
DA:19,2
DA:20,0
DA:22,2
DA:23,2
DA:24,2
DA:25,2
DA:33,4
DA:34,1
LF:19
LH:18
BRDA:19,0,0,0
BRDA:19,0,1,2
BRF:2
BRH:1
end_of_record
TN:
SF:src/components/qna/AList.jsx
FN:4,(anonymous_0)
FN:10,(anonymous_1)
FN:12,(anonymous_2)
FN:24,(anonymous_3)
FN:30,(anonymous_4)
FN:38,(anonymous_5)
FNF:6
FNH:0
FNDA:0,(anonymous_0)
FNDA:0,(anonymous_1)
FNDA:0,(anonymous_2)
FNDA:0,(anonymous_3)
FNDA:0,(anonymous_4)
FNDA:0,(anonymous_5)
DA:4,1
DA:6,0
DA:7,0
DA:8,0
DA:10,0
DA:12,0
DA:13,0
DA:14,0
DA:15,0
DA:16,0
DA:19,0
DA:20,0
DA:24,0
DA:25,0
DA:26,0
DA:27,0
DA:30,0
DA:31,0
DA:32,0
DA:33,0
DA:36,0
DA:38,0
LF:22
LH:1
BRDA:13,0,0,0
BRDA:13,0,1,0
BRDA:15,1,0,0
BRDA:15,1,1,0
BRDA:19,2,0,0
BRDA:19,2,1,0
BRDA:39,3,0,0
BRDA:39,3,1,0
BRDA:40,4,0,0
BRDA:40,4,1,0
BRF:10
BRH:0
end_of_record
TN:
SF:src/components/qna/OneA.jsx
FN:3,(anonymous_0)
FN:11,(anonymous_1)
FN:15,(anonymous_2)
FN:19,(anonymous_3)
FNF:4
FNH:0
FNDA:0,(anonymous_0)
FNDA:0,(anonymous_1)
FNDA:0,(anonymous_2)
FNDA:0,(anonymous_3)
DA:3,1
DA:4,0
DA:5,0
DA:6,0
DA:8,0
DA:9,0
DA:11,0
DA:12,0
DA:15,0
DA:16,0
DA:19,0
DA:20,0
DA:23,0
DA:24,0
DA:26,0
DA:29,0
LF:16
LH:1
BRDA:23,0,0,0
BRDA:23,0,1,0
BRF:2
BRH:0
end_of_record
TN:
SF:src/components/qna/OneQ.jsx
FN:3,(anonymous_0)
FN:7,(anonymous_1)
FN:12,(anonymous_2)
FNF:3
FNH:0
FNDA:0,(anonymous_0)
FNDA:0,(anonymous_1)
FNDA:0,(anonymous_2)
DA:3,1
DA:5,0
DA:7,0
DA:8,0
DA:9,0
DA:12,0
DA:13,0
DA:17,0
DA:18,0
DA:30,0
DA:32,0
LF:11
LH:1
BRDA:8,0,0,0
BRDA:8,0,1,0
BRDA:17,1,0,0
BRDA:17,1,1,0
BRF:4
BRH:0
end_of_record
TN:
SF:src/components/qna/OneQnA.jsx
FN:5,(anonymous_0)
FNF:1
FNH:0
FNDA:0,(anonymous_0)
DA:5,1
DA:8,0
DA:9,0
DA:11,0
DA:14,0
LF:5
LH:1
BRDA:8,0,0,0
BRDA:8,0,1,0
BRF:2
BRH:0
end_of_record
TN:
SF:src/components/qna/QForm.jsx
FN:3,(anonymous_0)
FN:10,(anonymous_1)
FN:45,(anonymous_2)
FN:57,(anonymous_3)
FN:69,(anonymous_4)
FNF:5
FNH:0
FNDA:0,(anonymous_0)
FNDA:0,(anonymous_1)
FNDA:0,(anonymous_2)
FNDA:0,(anonymous_3)
FNDA:0,(anonymous_4)
DA:3,1
DA:5,0
DA:6,0
DA:7,0
DA:10,0
DA:12,0
DA:15,0
DA:17,0
DA:18,0
DA:20,0
DA:21,0
DA:23,0
DA:24,0
DA:26,0
DA:29,0
DA:33,0
DA:45,0
DA:57,0
DA:69,0
LF:19
LH:1
BRDA:15,0,0,0
BRDA:15,0,1,0
BRDA:15,1,0,0
BRDA:15,1,1,0
BRDA:15,1,2,0
BRDA:18,2,0,0
BRDA:18,2,1,0
BRDA:21,3,0,0
BRDA:21,3,1,0
BRDA:24,4,0,0
BRDA:24,4,1,0
BRF:11
BRH:0
end_of_record
TN:
SF:src/components/qna/QModal.jsx
FN:5,(anonymous_0)
FN:7,(anonymous_1)
FN:18,(anonymous_2)
FNF:3
FNH:0
FNDA:0,(anonymous_0)
FNDA:0,(anonymous_1)
FNDA:0,(anonymous_2)
DA:5,1
DA:7,0
DA:8,0
DA:11,0
DA:18,0
LF:5
LH:1
BRF:0
BRH:0
end_of_record
TN:
SF:src/components/qna/QnA.jsx
FN:6,(anonymous_0)
FNF:1
FNH:1
FNDA:1,(anonymous_0)
DA:6,1
DA:8,1
LF:2
LH:2
BRF:0
BRH:0
end_of_record
TN:
SF:src/components/qna/QnAList.jsx
FN:7,(anonymous_0)
FN:15,(anonymous_1)
FN:23,(anonymous_2)
FN:31,(anonymous_3)
FN:32,(anonymous_4)
FN:39,(anonymous_5)
FN:42,(anonymous_6)
FN:43,(anonymous_7)
FN:44,(anonymous_8)
FN:46,(anonymous_9)
FN:53,(anonymous_10)
FN:59,(anonymous_11)
FN:66,(anonymous_12)
FN:72,(anonymous_13)
FN:88,(anonymous_14)
FN:96,(anonymous_15)
FNF:16
FNH:5
FNDA:2,(anonymous_0)
FNDA:0,(anonymous_1)
FNDA:0,(anonymous_2)
FNDA:0,(anonymous_3)
FNDA:0,(anonymous_4)
FNDA:1,(anonymous_5)
FNDA:0,(anonymous_6)
FNDA:0,(anonymous_7)
FNDA:0,(anonymous_8)
FNDA:0,(anonymous_9)
FNDA:1,(anonymous_10)
FNDA:1,(anonymous_11)
FNDA:1,(anonymous_12)
FNDA:0,(anonymous_13)
FNDA:0,(anonymous_14)
FNDA:0,(anonymous_15)
DA:7,1
DA:9,2
DA:10,2
DA:11,2
DA:12,2
DA:13,2
DA:15,2
DA:16,0
DA:17,0
DA:18,0
DA:19,0
DA:20,0
DA:23,2
DA:24,0
DA:25,0
DA:26,0
DA:27,0
DA:28,0
DA:31,2
DA:32,0
DA:33,0
DA:34,0
DA:35,0
DA:39,2
DA:40,1
DA:41,1
DA:42,0
DA:43,0
DA:44,0
DA:46,0
DA:47,0
DA:48,0
DA:50,0
DA:53,2
DA:54,1
DA:55,0
DA:59,2
DA:60,1
DA:61,1
DA:62,0
DA:63,0
DA:66,2
DA:67,1
DA:68,0
DA:72,2
DA:73,0
DA:74,0
DA:75,0
DA:76,0
DA:77,0
DA:78,0
DA:79,0
DA:80,0
DA:81,0
DA:82,0
DA:84,0
DA:88,2
DA:89,0
DA:92,2
DA:96,0
LF:60
LH:22
BRDA:16,0,0,0
BRDA:16,0,1,0
BRDA:18,1,0,0
BRDA:18,1,1,0
BRDA:24,2,0,0
BRDA:24,2,1,0
BRDA:26,3,0,0
BRDA:26,3,1,0
BRDA:40,4,0,1
BRDA:40,4,1,0
BRDA:47,5,0,0
BRDA:47,5,1,0
BRDA:54,6,0,0
BRDA:54,6,1,1
BRDA:60,7,0,1
BRDA:60,7,1,0
BRDA:62,8,0,0
BRDA:62,8,1,0
BRDA:67,9,0,0
BRDA:67,9,1,1
BRDA:75,10,0,0
BRDA:75,10,1,0
BRDA:78,11,0,0
BRDA:78,11,1,0
BRDA:81,12,0,0
BRDA:81,12,1,0
BRDA:99,13,0,2
BRDA:99,13,1,0
BRDA:106,14,0,2
BRDA:106,14,1,0
BRF:30
BRH:6
end_of_record
TN:
SF:src/components/ratingsreviews/Characteristic.jsx
FN:4,(anonymous_0)
FNF:1
FNH:0
FNDA:0,(anonymous_0)
DA:4,1
DA:6,0
DA:13,0
DA:21,0
DA:25,0
DA:26,0
DA:28,0
DA:30,0
DA:31,0
DA:32,0
DA:34,0
DA:35,0
DA:36,0
DA:38,0
DA:39,0
DA:40,0
DA:42,0
DA:43,0
DA:44,0
DA:47,0
LF:20
LH:1
BRDA:28,0,0,0
BRDA:28,0,1,0
BRDA:28,0,2,0
BRDA:28,0,3,0
BRF:4
BRH:0
end_of_record
TN:
SF:src/components/ratingsreviews/CharacteristicInputTable.jsx
FN:18,(anonymous_0)
FN:21,(anonymous_1)
FN:26,(anonymous_2)
FN:31,(anonymous_3)
FNF:4
FNH:0
FNDA:0,(anonymous_0)
FNDA:0,(anonymous_1)
FNDA:0,(anonymous_2)
FNDA:0,(anonymous_3)
DA:18,1
DA:19,0
DA:21,0
DA:24,0
DA:27,0
DA:32,0
LF:6
LH:1
BRF:0
BRH:0
end_of_record
TN:
SF:src/components/ratingsreviews/CharacteristicsList.jsx
FN:4,(anonymous_0)
FN:8,(anonymous_1)
FNF:2
FNH:0
FNDA:0,(anonymous_0)
FNDA:0,(anonymous_1)
DA:4,1
DA:6,0
DA:11,0
LF:3
LH:1
BRF:0
BRH:0
end_of_record
TN:
SF:src/components/ratingsreviews/Ratings.jsx
FN:7,(anonymous_0)
FN:11,(anonymous_1)
FNF:2
FNH:2
FNDA:2,(anonymous_0)
FNDA:1,(anonymous_1)
DA:7,1
DA:8,2
DA:11,2
DA:12,1
DA:13,1
DA:17,2
LF:6
LH:6
BRDA:12,0,0,1
BRDA:12,0,1,0
BRDA:19,1,0,2
BRDA:19,1,1,1
BRDA:21,2,0,2
BRDA:21,2,1,2
BRDA:22,3,0,2
BRDA:22,3,1,0
BRF:8
BRH:6
end_of_record
TN:
SF:src/components/ratingsreviews/RatingsChart.jsx
FN:4,(anonymous_0)
FN:5,(anonymous_1)
FN:13,(anonymous_2)
FN:24,(anonymous_3)
FNF:4
FNH:3
FNDA:2,(anonymous_0)
FNDA:8,(anonymous_1)
FNDA:8,(anonymous_2)
FNDA:0,(anonymous_3)
DA:4,1
DA:5,2
DA:6,8
DA:11,2
DA:15,8
DA:22,8
DA:25,0
DA:26,0
LF:8
LH:6
BRDA:13,0,0,2
BRDA:13,0,1,2
BRDA:36,1,0,8
BRDA:36,1,1,0
BRF:4
BRH:3
end_of_record
TN:
SF:src/components/ratingsreviews/RatingsReviews.jsx
FN:11,(anonymous_0)
FN:35,(anonymous_1)
FN:39,(anonymous_2)
FN:56,(anonymous_3)
FN:66,(anonymous_4)
FN:71,(anonymous_5)
FN:75,(anonymous_6)
FNF:7
FNH:2
FNDA:1,(anonymous_0)
FNDA:1,(anonymous_1)
FNDA:0,(anonymous_2)
FNDA:0,(anonymous_3)
FNDA:0,(anonymous_4)
FNDA:0,(anonymous_5)
FNDA:0,(anonymous_6)
DA:11,1
DA:15,1
DA:16,1
DA:17,1
DA:18,1
DA:19,1
DA:20,1
DA:35,1
DA:37,1
DA:38,1
DA:43,0
DA:55,1
DA:60,0
DA:67,0
DA:69,0
DA:72,0
DA:73,0
DA:76,0
DA:77,0
DA:83,1
LF:20
LH:12
BRDA:37,0,0,1
BRDA:37,0,1,0
BRDA:87,1,0,1
BRDA:87,1,1,1
BRDA:118,2,0,1
BRDA:118,2,1,0
BRF:6
BRH:4
end_of_record
TN:
SF:src/components/ratingsreviews/ReviewCard.jsx
FN:6,(anonymous_0)
FNF:1
FNH:0
FNDA:0,(anonymous_0)
DA:6,1
DA:8,0
DA:9,0
DA:10,0
DA:11,0
DA:13,0
DA:15,0
DA:16,0
DA:19,0
LF:9
LH:1
BRDA:15,0,0,0
BRDA:15,0,1,0
BRDA:35,1,0,0
BRDA:35,1,1,0
BRF:4
BRH:0
end_of_record
TN:
SF:src/components/ratingsreviews/ReviewForm.jsx
FN:7,(anonymous_0)
FN:37,(anonymous_1)
FNF:2
FNH:0
FNDA:0,(anonymous_0)
FNDA:0,(anonymous_1)
DA:7,1
DA:9,0
DA:28,0
DA:32,0
DA:35,0
DA:37,0
DA:38,0
DA:43,0
LF:8
LH:1
BRDA:114,0,0,0
BRDA:114,0,1,0
BRF:2
BRH:0
end_of_record
TN:
SF:src/components/ratingsreviews/Reviews.jsx
FN:8,(anonymous_0)
FNF:1
FNH:1
FNDA:1,(anonymous_0)
DA:8,1
DA:10,1
LF:2
LH:2
BRF:0
BRH:0
end_of_record
TN:
SF:src/components/ratingsreviews/ReviewsList.jsx
FN:4,(anonymous_0)
FN:9,(anonymous_1)
FN:23,(anonymous_2)
FN:36,(anonymous_3)
FNF:4
FNH:2
FNDA:1,(anonymous_0)
FNDA:6,(anonymous_1)
FNDA:0,(anonymous_2)
FNDA:0,(anonymous_3)
DA:4,1
DA:7,1
DA:8,1
DA:9,1
DA:10,6
DA:11,0
DA:16,1
DA:17,1
DA:19,1
DA:20,1
DA:22,1
DA:23,0
DA:24,0
DA:26,0
DA:32,1
DA:37,0
LF:16
LH:11
BRDA:8,0,0,1
BRDA:8,0,1,0
BRDA:10,1,0,0
BRDA:10,1,1,6
BRDA:17,2,0,1
BRDA:17,2,1,0
BRDA:22,3,0,0
BRDA:22,3,1,1
BRDA:34,4,0,1
BRDA:34,4,1,1
BRF:10
BRH:6
end_of_record
TN:
SF:src/components/ratingsreviews/SortOptions.jsx
FN:6,(anonymous_0)
FNF:1
FNH:1
FNDA:1,(anonymous_0)
DA:6,1
DA:8,1
DA:9,1
DA:10,1
DA:13,1
LF:5
LH:5
BRDA:9,0,0,1
BRDA:9,0,1,0
BRDA:15,1,0,1
BRDA:15,1,1,1
BRDA:15,1,2,1
BRF:5
BRH:4
end_of_record
TN:
SF:src/components/ratingsreviews/StarDisplayQuarters.jsx
FN:6,(anonymous_0)
FN:14,(anonymous_1)
FN:25,(anonymous_2)
FNF:3
FNH:3
FNDA:1,(anonymous_0)
FNDA:1,(anonymous_1)
FNDA:5,(anonymous_2)
DA:6,1
DA:7,1
DA:14,1
DA:17,1
DA:20,1
DA:23,1
DA:26,5
DA:27,3
DA:28,2
DA:29,1
DA:31,1
LF:11
LH:11
BRDA:26,0,0,3
BRDA:26,0,1,2
BRDA:28,1,0,1
BRDA:28,1,1,1
BRDA:28,2,0,2
BRDA:28,2,1,1
BRF:6
BRH:6
end_of_record
TN:
SF:src/components/ratingsreviews/StarsInput.jsx
FN:6,(anonymous_0)
FN:25,(anonymous_1)
FN:30,(anonymous_2)
FN:44,(anonymous_3)
FNF:4
FNH:0
FNDA:0,(anonymous_0)
FNDA:0,(anonymous_1)
FNDA:0,(anonymous_2)
FNDA:0,(anonymous_3)
DA:6,1
DA:7,0
DA:9,0
DA:25,0
DA:30,0
DA:32,0
DA:36,0
DA:45,0
LF:8
LH:1
BRF:0
BRH:0
end_of_record
TN:
SF:src/components/ratingsreviews/reviewsHelper.js
FN:3,(anonymous_0)
FN:7,(anonymous_1)
FNF:2
FNH:2
FNDA:2,(anonymous_0)
FNDA:8,(anonymous_1)
DA:3,1
DA:4,2
DA:5,2
DA:7,2
DA:8,8
DA:9,8
DA:13,2
LF:7
LH:7
BRF:0
BRH:0
end_of_record
TN:
SF:src/components/relatedcompare/CompareModal.jsx
FN:5,(anonymous_0)
FN:6,(anonymous_1)
FNF:2
FNH:0
FNDA:0,(anonymous_0)
FNDA:0,(anonymous_1)
DA:5,1
DA:6,0
DA:7,0
DA:8,0
DA:9,0
DA:12,0
LF:6
LH:1
BRF:0
BRH:0
end_of_record
TN:
SF:src/components/relatedcompare/CompareTable.jsx
FN:5,(anonymous_0)
FN:9,(anonymous_1)
FN:15,(anonymous_2)
FN:21,(anonymous_3)
FN:43,(anonymous_4)
FNF:5
FNH:0
FNDA:0,(anonymous_0)
FNDA:0,(anonymous_1)
FNDA:0,(anonymous_2)
FNDA:0,(anonymous_3)
FNDA:0,(anonymous_4)
DA:5,1
DA:7,0
DA:9,0
DA:10,0
DA:11,0
DA:15,0
DA:16,0
DA:17,0
DA:21,0
DA:22,0
DA:23,0
DA:25,0
DA:29,0
DA:30,0
DA:31,0
DA:33,0
DA:44,0
LF:17
LH:1
BRDA:10,0,0,0
BRDA:10,0,1,0
BRDA:16,1,0,0
BRDA:16,1,1,0
BRDA:22,2,0,0
BRDA:22,2,1,0
BRF:6
BRH:0
end_of_record
TN:
SF:src/components/relatedcompare/CompareTableBody.jsx
FN:5,(anonymous_0)
FN:9,(anonymous_1)
FNF:2
FNH:0
FNDA:0,(anonymous_0)
FNDA:0,(anonymous_1)
DA:5,1
DA:9,0
DA:10,0
DA:11,0
DA:13,0
DA:14,0
DA:18,0
LF:7
LH:1
BRDA:10,0,0,0
BRDA:10,0,1,0
BRDA:13,1,0,0
BRDA:13,1,1,0
BRF:4
BRH:0
end_of_record
TN:
SF:src/components/relatedcompare/RelatedCompare.jsx
FN:8,(anonymous_0)
FN:14,(anonymous_1)
FN:18,(anonymous_2)
FN:22,(anonymous_3)
FN:26,(anonymous_4)
FN:28,(anonymous_5)
FN:34,(anonymous_6)
FN:38,(anonymous_7)
FN:39,(anonymous_8)
FNF:9
FNH:2
FNDA:1,(anonymous_0)
FNDA:1,(anonymous_1)
FNDA:0,(anonymous_2)
FNDA:0,(anonymous_3)
FNDA:0,(anonymous_4)
FNDA:0,(anonymous_5)
FNDA:0,(anonymous_6)
FNDA:0,(anonymous_7)
FNDA:0,(anonymous_8)
DA:8,1
DA:9,1
DA:10,1
DA:11,1
DA:12,1
DA:14,1
DA:15,1
DA:16,0
DA:17,0
DA:19,0
DA:20,0
DA:22,0
DA:26,1
DA:28,0
DA:29,0
DA:34,0
DA:37,0
DA:38,0
DA:39,0
DA:42,1
LF:20
LH:9
BRDA:15,0,0,1
BRDA:15,0,1,0
BRDA:16,1,0,0
BRDA:16,1,1,0
BRDA:45,2,0,1
BRDA:45,2,1,0
BRF:6
BRH:2
end_of_record
TN:
SF:src/components/relatedcompare/RelatedProducts.jsx
FN:6,(anonymous_0)
FN:11,(anonymous_1)
FN:17,(anonymous_2)
FN:24,(anonymous_3)
FN:35,(anonymous_4)
FN:52,(anonymous_5)
FNF:6
FNH:2
FNDA:1,(anonymous_0)
FNDA:1,(anonymous_1)
FNDA:0,(anonymous_2)
FNDA:0,(anonymous_3)
FNDA:0,(anonymous_4)
FNDA:0,(anonymous_5)
DA:6,1
DA:7,1
DA:8,1
DA:9,1
DA:11,1
DA:12,1
DA:13,1
DA:17,1
DA:18,0
DA:19,0
DA:20,0
DA:24,1
DA:25,0
DA:26,0
DA:27,0
DA:31,1
DA:32,1
DA:35,0
DA:36,0
DA:37,0
DA:40,0
DA:42,0
DA:53,0
LF:23
LH:11
BRDA:12,0,0,1
BRDA:12,0,1,0
BRDA:19,1,0,0
BRDA:19,1,1,0
BRDA:19,2,0,0
BRDA:19,2,1,0
BRDA:26,3,0,0
BRDA:26,3,1,0
BRDA:26,4,0,0
BRDA:26,4,1,0
BRDA:31,5,0,1
BRDA:31,5,1,0
BRDA:31,6,0,1
BRDA:31,6,1,1
BRDA:46,7,0,0
BRDA:46,7,1,0
BRDA:49,8,0,0
BRDA:49,8,1,0
BRF:18
BRH:4
end_of_record
TN:
SF:src/components/relatedcompare/RelatedProductsCard.jsx
FN:5,(anonymous_0)
FN:14,(anonymous_1)
FN:20,(anonymous_2)
FNF:3
FNH:0
FNDA:0,(anonymous_0)
FNDA:0,(anonymous_1)
FNDA:0,(anonymous_2)
DA:5,1
DA:8,0
DA:9,0
DA:10,0
DA:11,0
DA:12,0
DA:14,0
DA:15,0
DA:16,0
DA:17,0
DA:20,0
DA:21,0
DA:22,0
DA:23,0
DA:24,0
DA:27,0
LF:16
LH:1
BRDA:10,0,0,0
BRDA:10,0,1,0
BRF:2
BRH:0
end_of_record
TN:
SF:src/components/relatedcompare/YourOutfit.jsx
FN:15,(anonymous_0)
FN:19,(anonymous_1)
FN:26,(anonymous_2)
FN:37,(anonymous_3)
FN:54,(anonymous_4)
FNF:5
FNH:3
FNDA:1,(anonymous_0)
FNDA:0,(anonymous_1)
FNDA:0,(anonymous_2)
FNDA:1,(anonymous_3)
FNDA:4,(anonymous_4)
DA:6,1
DA:15,1
DA:16,1
DA:17,1
DA:19,1
DA:20,0
DA:21,0
DA:22,0
DA:26,1
DA:27,0
DA:28,0
DA:29,0
DA:33,1
DA:34,0
DA:37,1
DA:38,1
DA:39,1
DA:42,1
DA:44,1
DA:55,4
LF:20
LH:13
BRDA:21,0,0,0
BRDA:21,0,1,0
BRDA:21,1,0,0
BRDA:21,1,1,0
BRDA:28,2,0,0
BRDA:28,2,1,0
BRDA:28,3,0,0
BRDA:28,3,1,0
BRDA:33,4,0,0
BRDA:33,4,1,1
BRDA:33,5,0,1
BRDA:33,5,1,1
BRDA:48,6,0,1
BRDA:48,6,1,0
BRDA:51,7,0,1
BRDA:51,7,1,1
BRF:16
BRH:6
end_of_record
TN:
SF:src/components/relatedcompare/YourOutfitCard.jsx
FN:5,(anonymous_0)
FNF:1
FNH:1
FNDA:4,(anonymous_0)
DA:5,1
DA:8,4
LF:2
LH:2
BRF:0
BRH:0
end_of_record
TN:
SF:src/components/shared/Stars.jsx
FN:5,(anonymous_0)
FN:9,(anonymous_1)
FN:20,(anonymous_2)
FNF:3
FNH:3
FNDA:99,(anonymous_0)
FNDA:99,(anonymous_1)
FNDA:495,(anonymous_2)
DA:5,1
DA:9,99
DA:12,99
DA:15,99
DA:18,99
DA:22,495
DA:23,297
DA:24,198
DA:25,99
DA:27,99
LF:10
LH:10
BRDA:22,0,0,297
BRDA:22,0,1,198
BRDA:24,1,0,99
BRDA:24,1,1,99
BRDA:24,2,0,198
BRDA:24,2,1,99
BRF:6
BRH:6
end_of_record
TN:
SF:src/helper/averageRating.js
FN:1,(anonymous_0)
FN:4,(anonymous_1)
FNF:2
FNH:2
FNDA:99,(anonymous_0)
FNDA:396,(anonymous_1)
DA:1,1
DA:2,99
DA:3,99
DA:4,99
DA:5,396
DA:6,396
DA:7,396
DA:8,396
DA:10,99
LF:9
LH:9
BRF:0
BRH:0
end_of_record
TN:
SF:src/helper/totalReviews.js
FN:1,(anonymous_0)
FN:2,(anonymous_1)
FNF:2
FNH:2
FNDA:48,(anonymous_0)
FNDA:192,(anonymous_1)
DA:1,2
DA:2,192
LF:2
LH:2
BRF:0
BRH:0
end_of_record
